Log file open, 09/06/18 12:04:33
LogWindows: Failed to load 'aqProf.dll' (GetLastError=126)
LogWindows: File 'aqProf.dll' does not exist
LogWindows: Failed to load 'VtuneApi.dll' (GetLastError=126)
LogWindows: File 'VtuneApi.dll' does not exist
LogWindows: Failed to load 'VtuneApi32e.dll' (GetLastError=126)
LogWindows: File 'VtuneApi32e.dll' does not exist
LogInit: Display: Running engine for game: MyProject
LogPlatformFile: Not using cached read wrapper
LogTaskGraph: Started task graph with 5 named threads and 11 total threads with 3 sets of task threads.
LogStats: Stats thread started at 0.151479
LogD3D11RHI: Loaded GFSDK_Aftermath_Lib.x64.dll
LogICUInternationalization: Display: ICU TimeZone Detection - Raw Offset: -5:00, Platform Override: ''
LogPluginManager: Mounting plugin Paper2D
LogPluginManager: Mounting plugin AISupport
LogPluginManager: Mounting plugin LightPropagationVolume
LogPluginManager: Mounting plugin CLionSourceCodeAccess
LogPluginManager: Mounting plugin CodeLiteSourceCodeAccess
LogPluginManager: Mounting plugin GitSourceControl
LogPluginManager: Mounting plugin KDevelopSourceCodeAccess
LogPluginManager: Mounting plugin NullSourceCodeAccess
LogPluginManager: Mounting plugin PerforceSourceControl
LogPluginManager: Mounting plugin SubversionSourceControl
LogPluginManager: Mounting plugin UObjectPlugin
LogPluginManager: Mounting plugin VisualStudioCodeSourceCodeAccess
LogPluginManager: Mounting plugin VisualStudioSourceCodeAccess
LogPluginManager: Mounting plugin XCodeSourceCodeAccess
LogPluginManager: Mounting plugin AssetManagerEditor
LogPluginManager: Mounting plugin CryptoKeys
LogPluginManager: Mounting plugin DataValidation
LogPluginManager: Mounting plugin FacialAnimation
LogPluginManager: Mounting plugin GameplayTagsEditor
LogPluginManager: Mounting plugin MacGraphicsSwitching
LogPluginManager: Mounting plugin MeshEditor
LogPluginManager: Mounting plugin MobileLauncherProfileWizard
LogPluginManager: Mounting plugin PluginBrowser
LogPluginManager: Mounting plugin SpeedTreeImporter
LogPluginManager: Mounting plugin DatasmithContent
LogPluginManager: Mounting plugin AlembicImporter
LogPluginManager: Mounting plugin AppleImageUtils
LogPluginManager: Mounting plugin AppleVision
LogPluginManager: Mounting plugin BackChannel
LogPluginManager: Mounting plugin CharacterAI
LogPluginManager: Mounting plugin GeometryCache
LogPluginManager: Mounting plugin HTML5Networking
LogPluginManager: Mounting plugin ProxyLODPlugin
LogPluginManager: Mounting plugin MagicLeap
LogPluginManager: Mounting plugin MagicLeapEmulator
LogPluginManager: Mounting plugin MagicLeapMedia
LogPluginManager: Mounting plugin AndroidMedia
LogPluginManager: Mounting plugin AvfMedia
LogPluginManager: Mounting plugin ImgMedia
LogPluginManager: Mounting plugin LinearTimecode
LogPluginManager: Mounting plugin MediaCompositing
LogPluginManager: Mounting plugin MediaPlayerEditor
LogPluginManager: Mounting plugin WmfMedia
LogPluginManager: Mounting plugin TcpMessaging
LogPluginManager: Mounting plugin UdpMessaging
LogPluginManager: Mounting plugin ActorSequence
LogPluginManager: Mounting plugin LevelSequenceEditor
LogPluginManager: Mounting plugin MatineeToLevelSequence
LogPluginManager: Mounting plugin NetcodeUnitTest
LogPluginManager: Mounting plugin NUTUnrealEngine4
LogPluginManager: Mounting plugin OnlineSubsystemGooglePlay
LogPluginManager: Mounting plugin OnlineSubsystemIOS
LogPluginManager: Mounting plugin OnlineSubsystem
LogPluginManager: Mounting plugin OnlineSubsystemNull
LogPluginManager: Mounting plugin OnlineSubsystemUtils
LogPluginManager: Mounting plugin LauncherChunkInstaller
LogPluginManager: Mounting plugin AndroidDeviceProfileSelector
LogPluginManager: Mounting plugin AndroidMoviePlayer
LogPluginManager: Mounting plugin AndroidPermission
LogPluginManager: Mounting plugin AppleMoviePlayer
LogPluginManager: Mounting plugin ArchVisCharacter
LogPluginManager: Mounting plugin AudioCapture
LogPluginManager: Mounting plugin CableComponent
LogPluginManager: Mounting plugin CustomMeshComponent
LogPluginManager: Mounting plugin EditableMesh
LogPluginManager: Mounting plugin ExampleDeviceProfileSelector
LogPluginManager: Mounting plugin GoogleCloudMessaging
LogPluginManager: Mounting plugin ImmediatePhysics
LogPluginManager: Mounting plugin IOSDeviceProfileSelector
LogPluginManager: Mounting plugin LinuxDeviceProfileSelector
LogPluginManager: Mounting plugin LocationServicesBPLibrary
LogPluginManager: Mounting plugin MobilePatchingUtils
LogPluginManager: Mounting plugin OculusVR
LogPluginManager: Plugin shader directory ../../../Engine/Plugins/Runtime/Oculus/OculusVR/Shaders found
LogPluginManager: Mapping shader source directory ../../../Engine/Plugins/Runtime/Oculus/OculusVR/Shaders to virtual directory /Plugin/OculusVR
LogPluginManager: Mounting plugin PhysXVehicles
LogPluginManager: Mounting plugin ProceduralMeshComponent
LogPluginManager: Mounting plugin RuntimePhysXCooking
LogPluginManager: Mounting plugin SteamVR
LogPluginManager: Mounting plugin WindowsMoviePlayer
LogStreaming: Display: Took  0.084s to configure plugins.
LogInit: Using libcurl 7.55.1-DEV
LogInit:  - built for x86_64-pc-win32
LogInit:  - supports SSL with OpenSSL/1.0.2h
LogInit:  - supports HTTP deflate (compression) using libz 1.2.8
LogInit:  - other features:
LogInit:      CURL_VERSION_SSL
LogInit:      CURL_VERSION_LIBZ
LogInit:      CURL_VERSION_IPV6
LogInit:      CURL_VERSION_ASYNCHDNS
LogInit:      CURL_VERSION_LARGEFILE
LogInit:      CURL_VERSION_IDN
LogInit:  CurlRequestOptions (configurable via config and command line):
LogInit:  - bVerifyPeer = false  - Libcurl will NOT verify peer certificate
LogInit:  - bUseHttpProxy = false  - Libcurl will NOT use HTTP proxy
LogInit:  - bDontReuseConnections = false  - Libcurl will reuse connections
LogInit:  - CertBundlePath = nullptr  - Libcurl will use whatever was configured at build time.
LogInit:  - MaxHostConnections = 16  - Libcurl will limit the number of connections to a host
LogInit:  - LocalHostAddr = Default
LogInit:  - BufferSize = 65536
LogInit: WinSock: version 1.1 (2.2), MaxSocks=32767, MaxUdp=65467
LogInit: Build: ++UE4+Release-4.20-CL-4302132
LogInit: Engine Version: 4.20.2-4302132+++UE4+Release-4.20
LogInit: Compatible Engine Version: 4.20.0-4212847+++UE4+Release-4.20
LogInit: Net CL: 4212847
LogInit: OS: Windows 7 (Service Pack 1), CPU: Intel(R) Core(TM) i3-4170 CPU @ 3.70GHz, GPU: Intel(R) HD Graphics 4400
LogInit: Compiled (64-bit): Aug 21 2018 02:06:06
LogInit: Compiled with Visual C++: 19.13.26129.00
LogInit: Build Configuration: Development
LogInit: Branch Name: ++UE4+Release-4.20
LogInit: Command Line: 
LogInit: Base Directory: C:/Program Files/Epic Games/UE_4.20/Engine/Binaries/Win64/
LogInit: Installed Engine Build: 1
LogDevObjectVersion: Number of dev versions registered: 20
LogDevObjectVersion:   Dev-Blueprints (B0D832E4-1F89-4F0D-ACCF-7EB736FD4AA2): 10
LogDevObjectVersion:   Dev-Build (E1C64328-A22C-4D53-A36C-8E866417BD8C): 0
LogDevObjectVersion:   Dev-Core (375EC13C-06E4-48FB-B500-84F0262A717E): 2
LogDevObjectVersion:   Dev-Editor (E4B068ED-F494-42E9-A231-DA0B2E46BB41): 24
LogDevObjectVersion:   Dev-Framework (CFFC743F-43B0-4480-9391-14DF171D2073): 34
LogDevObjectVersion:   Dev-Mobile (B02B49B5-BB20-44E9-A304-32B752E40360): 2
LogDevObjectVersion:   Dev-Networking (A4E4105C-59A1-49B5-A7C5-40C4547EDFEE): 0
LogDevObjectVersion:   Dev-Online (39C831C9-5AE6-47DC-9A44-9C173E1C8E7C): 0
LogDevObjectVersion:   Dev-Physics (78F01B33-EBEA-4F98-B9B4-84EACCB95AA2): 0
LogDevObjectVersion:   Dev-Platform (6631380F-2D4D-43E0-8009-CF276956A95A): 0
LogDevObjectVersion:   Dev-Rendering (12F88B9F-8875-4AFC-A67C-D90C383ABD29): 26
LogDevObjectVersion:   Dev-Sequencer (7B5AE74C-D270-4C10-A958-57980B212A5A): 9
LogDevObjectVersion:   Dev-VR (D7296918-1DD6-4BDD-9DE2-64A83CC13884): 2
LogDevObjectVersion:   Dev-LoadTimes (C2A15278-BFE7-4AFE-6C17-90FF531DF755): 1
LogDevObjectVersion:   Private-Geometry (6EACA3D4-40EC-4CC1-B786-8BED09428FC5): 3
LogDevObjectVersion:   Dev-AnimPhys (29E575DD-E0A3-4627-9D10-D276232CDCEA): 17
LogDevObjectVersion:   Dev-ReflectionCapture (6B266CEC-1EC7-4B8F-A30B-E4D90942FC07): 1
LogDevObjectVersion:   Dev-Automation (0DF73D61-A23F-47EA-B727-89E90C41499A): 1
LogDevObjectVersion:   FortniteMain (601D1886-AC64-4F84-AA16-D3DE0DEAC7D6): 12
LogDevObjectVersion:   Dev-Enterprise (9DFFBCD6-494F-0158-E221-12823C92A888): 1
LogStreaming: Display: Took  0.000s to delete old logs.
LogInit: Presizing for max 8388607 objects, including 0 objects not considered by GC, pre-allocating 0 bytes for permanent pool.
LogInit: Object subsystem initialized
[2018.09.06-17.04.34:098][  0]LogInit: Selected Device Profile: [Windows]
[2018.09.06-17.04.34:098][  0]LogInit: Applying CVar settings loaded from the selected device profile: [Windows]
[2018.09.06-17.04.34:112][  0]LogHAL: Display: Platform has ~ 8 GB [8454623232 / 8589934592 / 8], which maps to Default [LargestMinGB=32, LargerMinGB=12, DefaultMinGB=8, SmallerMinGB=6, SmallestMinGB=0)
[2018.09.06-17.04.34:112][  0]LogInit: Setting Device Profile CVar: [[r.Vulkan.UseRealUBs:1]]
[2018.09.06-17.04.34:112][  0]LogInit: Going up to parent DeviceProfile []
[2018.09.06-17.04.34:113][  0]LogInit: Computer: USER-PC
[2018.09.06-17.04.34:113][  0]LogInit: User: User
[2018.09.06-17.04.34:113][  0]LogInit: CPU Page size=4096, Cores=2
[2018.09.06-17.04.34:113][  0]LogInit: High frequency timer resolution =3.604990 MHz
[2018.09.06-17.04.34:113][  0]LogMemory: Memory total: Physical=7.9GB (8GB approx)
[2018.09.06-17.04.34:113][  0]LogMemory: Platform Memory Stats for Windows
[2018.09.06-17.04.34:113][  0]LogMemory: Process Physical Memory: 101.14 MB used, 101.14 MB peak
[2018.09.06-17.04.34:113][  0]LogMemory: Process Virtual Memory: 86.60 MB used, 86.60 MB peak
[2018.09.06-17.04.34:113][  0]LogMemory: Physical Memory: 4225.92 MB used,  3837.04 MB free, 8062.96 MB total
[2018.09.06-17.04.34:113][  0]LogMemory: Virtual Memory: 469.39 MB used,  3837.04 MB free, 8388608.00 MB total
[2018.09.06-17.04.34:141][  0]LogInit: Using OS detected language (es-PE).
[2018.09.06-17.04.34:141][  0]LogInit: Using OS detected locale (es-PE).
[2018.09.06-17.04.34:142][  0]LogTextLocalizationManager: No specific localization for 'es-PE' exists, so the 'es' localization will be used.
[2018.09.06-17.04.34:472][  0]LogStreaming: Display: Took  0.331s to InitEngineTextLocalization.
[2018.09.06-17.04.34:473][  0]LogWindows: Failed to load 'shcore.dll' (GetLastError=126)
[2018.09.06-17.04.34:473][  0]LogWindows: File 'shcore.dll' does not exist
[2018.09.06-17.04.34:473][  0]LogInit: Setting process to DPI aware
[2018.09.06-17.04.34:492][  0]LogSlate: New Slate User Created.  User Index 0, Is Virtual User: 0
[2018.09.06-17.04.34:492][  0]LogSlate: Slate User Registered.  User Index 0, Is Virtual User: 0
[2018.09.06-17.04.34:840][  0]LogHMD: Failed to initialize OpenVR with code 110
[2018.09.06-17.04.34:840][  0]LogD3D11RHI: D3D11 adapters:
[2018.09.06-17.04.34:845][  0]LogD3D11RHI:    0. 'Intel(R) HD Graphics 4400' (Feature Level 11_0)
[2018.09.06-17.04.34:845][  0]LogD3D11RHI:       64/0/1632 MB DedicatedVideo/DedicatedSystem/SharedSystem, Outputs:1, VendorId:0x8086
[2018.09.06-17.04.34:845][  0]LogD3D11RHI: Chosen D3D11 Adapter: 0
[2018.09.06-17.04.34:853][  0]LogD3D11RHI: Creating new Direct3DDevice
[2018.09.06-17.04.34:853][  0]LogD3D11RHI:     GPU DeviceId: 0x41e (for the marketing name, search the web for "GPU Device Id")
[2018.09.06-17.04.34:853][  0]LogWindows: EnumDisplayDevices:
[2018.09.06-17.04.34:854][  0]LogWindows:    0. 'Intel(R) HD Graphics 4400' (P:1 D:1)
[2018.09.06-17.04.34:854][  0]LogWindows:    1. 'Intel(R) HD Graphics 4400' (P:0 D:0)
[2018.09.06-17.04.34:854][  0]LogWindows:    2. 'Intel(R) HD Graphics 4400' (P:0 D:0)
[2018.09.06-17.04.34:854][  0]LogWindows:    3. 'RDPDD Chained DD' (P:0 D:0)
[2018.09.06-17.04.34:854][  0]LogWindows:    4. 'RDP Encoder Mirror Driver' (P:0 D:0)
[2018.09.06-17.04.34:854][  0]LogWindows:    5. 'RDP Reflector Display Driver' (P:0 D:0)
[2018.09.06-17.04.34:854][  0]LogWindows: DebugString: GetVideoDriverDetailsInvalid PrimaryIsNotTheChoosenAdapter GetVideoDriverDetailsInvalid PrimaryIsNotTheChoosenAdapter GetVideoDriverDetailsInvalid PrimaryIsNotTheChoosenAdapter FoundDriverCount:3 
[2018.09.06-17.04.34:854][  0]LogD3D11RHI:     Adapter Name: Intel(R) HD Graphics 4400
[2018.09.06-17.04.34:854][  0]LogD3D11RHI:   Driver Version: 10.18.10.3262 (internal:10.18.10.3262, unified:10.18.10.3262)
[2018.09.06-17.04.34:854][  0]LogD3D11RHI:      Driver Date: 7-31-2013
[2018.09.06-17.04.34:854][  0]LogRHI: Texture pool is 616 MB (70% of 880 MB)
[2018.09.06-17.04.34:859][  0]LogD3D11RHI: Async texture creation enabled
[2018.09.06-17.04.34:867][  0]LogD3D11RHI: GPU Timing Frequency: 12.500000 (Debug: 2 0)
[2018.09.06-17.04.34:867][  0]LogShaderCompilers: Guid format shader working directory is -29 characters bigger than the processId version (E:/Universidad/octavo semestre/interacción humano computador/IHC/MyProject/Intermediate/Shaders/WorkingDirectory/8100/).
[2018.09.06-17.04.34:868][  0]LogShaderCompilers: Cleaned the shader compiler working directory 'C:/Users/User/AppData/Local/Temp/UnrealShaderWorkingDir/4C9DABF0496D76F62CE10E9CE735003F/'.
[2018.09.06-17.04.35:167][  0]LogTemp: Display: Loaded TP AllDesktopTargetPlatform
[2018.09.06-17.04.35:180][  0]LogTemp: Display: Loaded TP MacClientTargetPlatform
[2018.09.06-17.04.35:193][  0]LogTemp: Display: Loaded TP MacNoEditorTargetPlatform
[2018.09.06-17.04.35:206][  0]LogTemp: Display: Loaded TP MacServerTargetPlatform
[2018.09.06-17.04.35:220][  0]LogTemp: Display: Loaded TP MacTargetPlatform
[2018.09.06-17.04.35:233][  0]LogTemp: Display: Loaded TP WindowsClientTargetPlatform
[2018.09.06-17.04.35:246][  0]LogTemp: Display: Loaded TP WindowsNoEditorTargetPlatform
[2018.09.06-17.04.35:259][  0]LogTemp: Display: Loaded TP WindowsServerTargetPlatform
[2018.09.06-17.04.35:265][  0]LogTemp: Display: Loaded TP WindowsTargetPlatform
[2018.09.06-17.04.35:346][  0]LogTemp: Display: Loaded TP AndroidTargetPlatform
[2018.09.06-17.04.35:346][  0]LogTemp: Display: Loaded TP AndroidTargetPlatform
[2018.09.06-17.04.35:346][  0]LogTemp: Display: Loaded TP AndroidTargetPlatform
[2018.09.06-17.04.35:346][  0]LogTemp: Display: Loaded TP AndroidTargetPlatform
[2018.09.06-17.04.35:346][  0]LogTemp: Display: Loaded TP AndroidTargetPlatform
[2018.09.06-17.04.35:346][  0]LogTemp: Display: Loaded TP AndroidTargetPlatform
[2018.09.06-17.04.35:346][  0]LogTemp: Display: Loaded TP AndroidTargetPlatform
[2018.09.06-17.04.35:346][  0]LogTemp: Display: Loaded TP AndroidTargetPlatform
[2018.09.06-17.04.35:346][  0]LogTemp: Display: Loaded TP AndroidTargetPlatform
[2018.09.06-17.04.35:346][  0]LogTemp: Display: Loaded TP AndroidTargetPlatform
[2018.09.06-17.04.35:346][  0]LogTemp: Display: Loaded TP AndroidTargetPlatform
[2018.09.06-17.04.35:346][  0]LogTemp: Display: Loaded TP AndroidTargetPlatform
[2018.09.06-17.04.35:346][  0]LogTemp: Display: Loaded TP AndroidTargetPlatform
[2018.09.06-17.04.35:346][  0]LogTemp: Display: Loaded TP AndroidTargetPlatform
[2018.09.06-17.04.35:346][  0]LogTemp: Display: Loaded TP AndroidTargetPlatform
[2018.09.06-17.04.35:346][  0]LogTemp: Display: Loaded TP AndroidTargetPlatform
[2018.09.06-17.04.35:346][  0]LogTemp: Display: Loaded TP AndroidTargetPlatform
[2018.09.06-17.04.35:346][  0]LogTemp: Display: Loaded TP AndroidTargetPlatform
[2018.09.06-17.04.35:348][  0]LogTemp: Display: Loaded TP HTML5TargetPlatform
[2018.09.06-17.04.35:406][  0]LogTemp: Display: Loaded TP IOSTargetPlatform
[2018.09.06-17.04.35:406][  0]LogTemp: Display: Loaded TP IOSTargetPlatform
[2018.09.06-17.04.35:430][  0]LogTemp: Display: Loaded TP TVOSTargetPlatform
[2018.09.06-17.04.35:430][  0]LogTemp: Display: Loaded TP TVOSTargetPlatform
[2018.09.06-17.04.35:443][  0]LogTemp: Display: Loaded TP LinuxClientTargetPlatform
[2018.09.06-17.04.35:456][  0]LogTemp: Display: Loaded TP LinuxNoEditorTargetPlatform
[2018.09.06-17.04.35:469][  0]LogTemp: Display: Loaded TP LinuxServerTargetPlatform
[2018.09.06-17.04.35:482][  0]LogTemp: Display: Loaded TP LinuxTargetPlatform
[2018.09.06-17.04.35:492][  0]LogTemp: Display: Loaded TP LuminTargetPlatform
[2018.09.06-17.04.35:492][  0]LogTargetPlatformManager: Display: Building Assets For Windows
[2018.09.06-17.04.35:544][  0]LogXGEController: Cleaning working directory: C:/Users/User/AppData/Local/Temp/UnrealXGEWorkingDir/
[2018.09.06-17.04.35:544][  0]LogXGEController: Cannot use XGE Controller as Incredibuild is not installed on this machine.
[2018.09.06-17.04.35:544][  0]LogShaderCompilers: Cannot use XGE Shader Compiler as Incredibuild is not installed on this machine.
[2018.09.06-17.04.35:544][  0]LogShaderCompilers: Display: Using Local Shader Compiler.
[2018.09.06-17.04.36:330][  0]LogDerivedDataCache: Display: Max Cache Size: 512 MB
[2018.09.06-17.04.36:445][  0]LogDerivedDataCache: Loaded boot cache 0.12s 72MB C:/Users/User/AppData/Local/UnrealEngine/4.20/DerivedDataCache/Boot.ddc.
[2018.09.06-17.04.36:445][  0]LogDerivedDataCache: Display: Loaded Boot cache: C:/Users/User/AppData/Local/UnrealEngine/4.20/DerivedDataCache/Boot.ddc
[2018.09.06-17.04.36:446][  0]LogDerivedDataCache: FDerivedDataBackendGraph:  Pak pak cache file E:/Universidad/octavo semestre/interacción humano computador/IHC/MyProject/DerivedDataCache/DDC.ddp not found, will not use a pak cache.
[2018.09.06-17.04.36:446][  0]LogDerivedDataCache: Unable to find inner node Pak for hierarchical cache Hierarchy.
[2018.09.06-17.04.36:446][  0]LogDerivedDataCache: FDerivedDataBackendGraph:  CompressedPak pak cache file E:/Universidad/octavo semestre/interacción humano computador/IHC/MyProject/DerivedDataCache/Compressed.ddp not found, will not use a pak cache.
[2018.09.06-17.04.36:446][  0]LogDerivedDataCache: Unable to find inner node CompressedPak for hierarchical cache Hierarchy.
[2018.09.06-17.04.36:459][  0]LogDerivedDataCache: Display: Pak cache opened for reading ../../../Engine/DerivedDataCache/Compressed.ddp.
[2018.09.06-17.04.36:471][  0]LogDerivedDataCache: Using Local data cache path C:/Users/User/AppData/Local/UnrealEngine/Common/DerivedDataCache: Writable
[2018.09.06-17.04.36:471][  0]LogDerivedDataCache: Shared data cache path not found in *engine.ini, will not use an Shared cache.
[2018.09.06-17.04.36:471][  0]LogDerivedDataCache: Unable to find inner node Shared for hierarchical cache Hierarchy.
[2018.09.06-17.04.36:493][  0]LogMaterial: Verifying Global Shaders for PCD3D_SM5
[2018.09.06-17.04.36:494][  0]LogSlate: Using FreeType 2.6.0
[2018.09.06-17.04.36:496][  0]LogSlate: SlateFontServices - WITH_FREETYPE: 1, WITH_HARFBUZZ: 1
[2018.09.06-17.04.36:621][  0]LogAssetRegistry: FAssetRegistry took 0.0251 seconds to start up
[2018.09.06-17.04.36:942][  0]LogInit: Selected Device Profile: [Windows]
[2018.09.06-17.04.37:078][  0]LogSimplygon: Simplygon DLL not present - disabling.
[2018.09.06-17.04.37:081][  0]LogMeshReduction: Using SimplygonSwarm for distributed automatic mesh merging
[2018.09.06-17.04.37:081][  0]LogMeshReduction: Using ProxyLODMeshReduction for automatic mesh merging
[2018.09.06-17.04.37:081][  0]LogMeshReduction: Using QuadricMeshReduction for automatic static mesh reduction
[2018.09.06-17.04.37:081][  0]LogMeshReduction: No automatic skeletal mesh reduction module available
[2018.09.06-17.04.37:096][  0]LogNetVersion: MyProject 1.0.0, NetCL: 4212847, EngineNetVer: 5, GameNetVer: 0 (Checksum: 1110078900)
[2018.09.06-17.04.37:709][  0]LogPackageLocalizationCache: Processed 11 localized package path(s) for 2 prioritized culture(s) in 0.078332 seconds
[2018.09.06-17.04.37:715][  0]LogUObjectArray: 38425 objects as part of root set at end of initial load.
[2018.09.06-17.04.37:715][  0]LogUObjectAllocator: 6690864 out of 0 bytes used by permanent object pool.
[2018.09.06-17.04.37:715][  0]LogUObjectArray: CloseDisregardForGC: 0/0 objects in disregard for GC pool
[2018.09.06-17.04.39:007][  0]LogTcpMessaging: Initializing TcpMessaging bridge
[2018.09.06-17.04.39:019][  0]LogUdpMessaging: Initializing bridge on interface 0.0.0.0:0 to multicast group 230.0.0.1:6666.
[2018.09.06-17.04.39:203][  0]SourceControl: El control de código fuente está desactivado
[2018.09.06-17.04.39:203][  0]SourceControl: El control de código fuente está desactivado
[2018.09.06-17.04.39:204][  0]SourceControl: El control de código fuente está desactivado
[2018.09.06-17.04.39:205][  0]SourceControl: El control de código fuente está desactivado
[2018.09.06-17.04.39:386][  0]LogAndroidPermission: UAndroidPermissionCallbackProxy::GetInstance
[2018.09.06-17.04.39:442][  0]LogOcInput: OculusInput pre-init called
[2018.09.06-17.04.39:508][  0]LogEngine: Initializing Engine...
[2018.09.06-17.04.39:509][  0]LogHMD: Failed to initialize OpenVR with code 110
[2018.09.06-17.04.39:510][  0]LogStats: UGameplayTagsManager::ConstructGameplayTagTree: ImportINI prefixes -  0.000 s
[2018.09.06-17.04.39:510][  0]LogStats: UGameplayTagsManager::ConstructGameplayTagTree: Construct from data asset -  0.000 s
[2018.09.06-17.04.39:510][  0]LogStats: UGameplayTagsManager::ConstructGameplayTagTree: ImportINI -  0.000 s
[2018.09.06-17.04.39:510][  0]LogStats: UGameplayTagsManager::ConstructGameplayTagTree: GameplayTagTreeChangedEvent.Broadcast -  0.000 s
[2018.09.06-17.04.39:829][  0]LogInit: Initializing FReadOnlyCVARCache
[2018.09.06-17.04.39:841][  0]LogAIModule: Creating AISystem for world Untitled
[2018.09.06-17.04.39:849][  0]LogInit: XAudio2 using 'Altavoces (Realtek High Definition Audio)' : 2 channels at 48 kHz using 32 bits per sample (channel mask 0x3)
[2018.09.06-17.04.39:855][  0]LogInit: FAudioDevice initialized.
[2018.09.06-17.04.39:856][  0]LogNetVersion: Set ProjectVersion to 1.0.0.0. Version Checksum will be recalculated on next use.
[2018.09.06-17.04.40:019][  0]LogDerivedDataCache: Saved boot cache 0.16s 72MB C:/Users/User/AppData/Local/UnrealEngine/4.20/DerivedDataCache/Boot.ddc.
[2018.09.06-17.04.40:021][  0]LogInit: Texture streaming: Enabled
[2018.09.06-17.04.40:057][  0]LogEngineSessionManager: EngineSessionManager initialized
[2018.09.06-17.04.40:057][  0]LogEngineSessionManager: EngineSessionManager sent abnormal shutdown report. Type=Crashed, SessionId={54543700-4012-5CA4-7A4C-A5AF06637B20}
[2018.09.06-17.04.40:073][  0]LogInit: Transaction tracking system initialized
[2018.09.06-17.04.40:095][  0]BlueprintLog: New page: Cargar el editor
[2018.09.06-17.04.40:159][  0]LocalizationService: Localization service is disabled
[2018.09.06-17.04.40:513][  0]LogCook: Display: Max memory allowance for cook 16384mb min free memory 0mb
[2018.09.06-17.04.40:513][  0]LogCook: Display: Mobile HDR setting 1
[2018.09.06-17.04.40:513][  0]LogGameplayTags: Display: UGameplayTagsManager::DoneAddingNativeTags. DelegateIsBound: 0
[2018.09.06-17.04.40:513][  0]LogStats: UGameplayTagsManager::ConstructGameplayTagTree: ImportINI prefixes -  0.000 s
[2018.09.06-17.04.40:513][  0]LogStats: UGameplayTagsManager::ConstructGameplayTagTree: Construct from data asset -  0.000 s
[2018.09.06-17.04.40:513][  0]LogStats: UGameplayTagsManager::ConstructGameplayTagTree: ImportINI -  0.000 s
[2018.09.06-17.04.40:513][  0]LogStats: UGameplayTagsManager::ConstructGameplayTagTree: GameplayTagTreeChangedEvent.Broadcast -  0.000 s
[2018.09.06-17.04.40:628][  0]LogFileCache: Scanning file cache for directory 'E:/Universidad/octavo semestre/interacción humano computador/IHC/MyProject/Content/' took 0.01s
[2018.09.06-17.04.40:628][  0]SourceControl: El control de código fuente está desactivado
[2018.09.06-17.04.40:628][  0]Cmd: MAP LOAD FILE="E:/Universidad/octavo semestre/interacción humano computador/IHC/MyProject/Content/VirtualRealityBP/Maps/StartupMap.umap" TEMPLATE=0 SHOWPROGRESS=1 FEATURELEVEL=3
[2018.09.06-17.04.40:629][  0]LightingResults: New page: Diseñar la iluminación
[2018.09.06-17.04.40:631][  0]MapCheck: New page: Revisión del mapa
[2018.09.06-17.04.40:631][  0]LightingResults: New page: Diseñar la iluminación
[2018.09.06-17.04.40:978][  0]LogAIModule: Creating AISystem for world StartupMap
[2018.09.06-17.04.41:854][  0]LogEditorServer: Finished looking for orphan Actors (0.000 secs)
[2018.09.06-17.04.41:875][  0]Cmd: MAP CHECKDEP NOCLEARLOG
[2018.09.06-17.04.41:969][  0]MapCheck: Map check complete: 0 Error(s), 0 Warning(s), took 93.69ms to complete.
[2018.09.06-17.04.41:969][  0]LogFileHelpers: Loading map 'StartupMap' took 1.341
[2018.09.06-17.04.42:084][  0]LogSlate: Updating window title bar state: overlay mode, drag disabled, window buttons hidden, title bar hidden
[2018.09.06-17.04.42:087][  0]LogSlate: Updating window title bar state: overlay mode, drag disabled, window buttons hidden, title bar hidden
[2018.09.06-17.04.42:098][  0]LogSlate: Updating window title bar state: overlay mode, drag disabled, window buttons hidden, title bar hidden
[2018.09.06-17.04.42:105][  0]LogSlate: Updating window title bar state: overlay mode, drag disabled, window buttons hidden, title bar hidden
[2018.09.06-17.04.42:111][  0]LogCollectionManager: Loaded 0 collections in 0.000955 seconds
[2018.09.06-17.04.42:146][  0]LogFileCache: Scanning file cache for directory 'E:/Universidad/octavo semestre/interacción humano computador/IHC/MyProject/Saved/Collections/' took 0.01s
[2018.09.06-17.04.42:146][  0]LogFileCache: Scanning file cache for directory 'E:/Universidad/octavo semestre/interacción humano computador/IHC/MyProject/Content/Developers/User/Collections/' took 0.01s
[2018.09.06-17.04.42:146][  0]LogFileCache: Scanning file cache for directory 'E:/Universidad/octavo semestre/interacción humano computador/IHC/MyProject/Content/Collections/' took 0.01s
[2018.09.06-17.04.42:146][  0]LogCollectionManager: Rebuilt the GUID cache for 0 collections in 0.000000 seconds
[2018.09.06-17.04.42:154][  0]LogContentBrowser: Native class hierarchy populated in 0.0082 seconds. Added 2572 classes and 603 folders.
[2018.09.06-17.04.42:159][  0]LogContentBrowser: Native class hierarchy updated for 'WidgetCarousel' in 0.0002 seconds. Added 0 classes and 0 folders.
[2018.09.06-17.04.42:197][  0]LogContentBrowser: Native class hierarchy updated for 'AddContentDialog' in 0.0002 seconds. Added 0 classes and 0 folders.
[2018.09.06-17.04.42:201][  0]LogContentBrowser: Native class hierarchy updated for 'SceneOutliner' in 0.0003 seconds. Added 1 classes and 2 folders.
[2018.09.06-17.04.42:212][  0]LogSlate: Took 0.000525 seconds to synchronously load lazily loaded font '../../../Engine/Content/Slate/Fonts/Roboto-Regular.ttf' (155K)
[2018.09.06-17.04.42:214][  0]LogSlate: Took 0.000483 seconds to synchronously load lazily loaded font '../../../Engine/Content/Slate/Fonts/Roboto-Bold.ttf' (160K)
[2018.09.06-17.04.42:221][  0]LogSlate: Took 0.000849 seconds to synchronously load lazily loaded font '../../../Engine/Content/Editor/Slate/Fonts/FontAwesome.ttf' (139K)
[2018.09.06-17.04.42:261][  0]LogSlate: Took 0.000504 seconds to synchronously load lazily loaded font '../../../Engine/Content/Slate/Fonts/Roboto-Light.ttf' (167K)
[2018.09.06-17.04.42:456][  0]LogContentBrowser: Native class hierarchy updated for 'HierarchicalLODOutliner' in 0.0006 seconds. Added 0 classes and 0 folders.
[2018.09.06-17.04.42:456][  0]LogLoad: (Engine Initialization) Total time: 9.60 seconds
[2018.09.06-17.04.42:456][  0]LogLoad: (Engine Initialization) Total Blueprint compile time: 0.00 seconds
[2018.09.06-17.04.42:514][  0]LogContentStreaming: Texture pool size now 1000 MB
[2018.09.06-17.04.42:587][  1]LogRenderer: Reallocating scene render targets to support 856x284 Format 26 NumSamples 1 (Frame:1).
[2018.09.06-17.04.42:602][  1]LogAssetRegistry: Asset discovery search completed in 6.0012 seconds
[2018.09.06-17.04.42:605][  1]LogCollectionManager: Rebuilt the object cache for 0 collections in 0.000001 seconds (found 0 objects)
[2018.09.06-17.04.42:605][  1]LogCollectionManager: Fixed up redirectors for 0 collections in 0.000071 seconds (updated 0 objects)
[2018.09.06-17.04.53:437][307]LogSlate: FSceneViewport::OnFocusLost() reason 2
[2018.09.06-17.04.56:065][576]LogSlate: FSceneViewport::OnFocusLost() reason 2
[2018.09.06-17.04.58:637][652]Cmd: MAP LOAD FILE="E:/Universidad/octavo semestre/interacción humano computador/IHC/MyProject/Content/Maps/mar_inicio.umap" TEMPLATE=0 SHOWPROGRESS=1 FEATURELEVEL=3
[2018.09.06-17.04.58:640][652]LogSlate: Took 0.000210 seconds to synchronously load lazily loaded font '../../../Engine/Content/Slate/Fonts/Roboto-Light.ttf' (167K)
[2018.09.06-17.04.58:659][652]LightingResults: New page: Diseñar la iluminación
[2018.09.06-17.04.58:660][652]LoadErrors: New page: Cargando mapa: mar_inicio.umap
[2018.09.06-17.04.58:672][652]MapCheck: New page: Revisión del mapa
[2018.09.06-17.04.58:673][652]LightingResults: New page: Diseñar la iluminación
[2018.09.06-17.04.59:051][652]LogAIModule: Creating AISystem for world mar_inicio
[2018.09.06-17.04.59:866][652]LogEditorServer: Finished looking for orphan Actors (0.000 secs)
[2018.09.06-17.04.59:911][652]Cmd: MAP CHECKDEP NOCLEARLOG
[2018.09.06-17.04.59:990][652]MapCheck: Map check complete: 0 Error(s), 0 Warning(s), took 79.089ms to complete.
[2018.09.06-17.04.59:990][652]LogFileHelpers: Loading map 'mar_inicio' took 1.353
[2018.09.06-17.04.59:992][652]LogSlate: Window 'Open Level' being destroyed
[2018.09.06-17.05.03:948][793]LogSlate: FSceneViewport::OnFocusLost() reason 2
[2018.09.06-17.05.04:711][870]LogSlate: FSceneViewport::OnFocusLost() reason 2
[2018.09.06-17.05.05:768][870]LogSlate: Window 'Nivel nuevo' being destroyed
[2018.09.06-17.05.05:780][870]Cmd: MAP LOAD FILE="../../../Engine/Content/Maps/Templates/VR-Basic.umap" TEMPLATE=1 SHOWPROGRESS=1 FEATURELEVEL=3
[2018.09.06-17.05.05:796][870]LogSlate: FSceneViewport::OnFocusLost() reason 2
[2018.09.06-17.05.05:836][870]LightingResults: New page: Diseñar la iluminación
[2018.09.06-17.05.05:837][870]LoadErrors: New page: Cargando mapa: VR-Basic.umap
[2018.09.06-17.05.05:848][870]MapCheck: New page: Revisión del mapa
[2018.09.06-17.05.05:849][870]LightingResults: New page: Diseñar la iluminación
[2018.09.06-17.05.05:996][870]LogAIModule: Creating AISystem for world Untitled_1
[2018.09.06-17.05.06:006][870]LogEditorServer: Finished looking for orphan Actors (0.000 secs)
[2018.09.06-17.05.06:040][870]Cmd: MAP CHECKDEP NOCLEARLOG
[2018.09.06-17.05.06:135][870]MapCheck: Map check complete: 0 Error(s), 0 Warning(s), took 95.465ms to complete.
[2018.09.06-17.05.06:135][870]LogFileHelpers: Loading map 'VR-Basic' took 0.357
[2018.09.06-17.05.07:930][935]LogSlate: FSceneViewport::OnFocusLost() reason 0
[2018.09.06-17.05.13:705][126]LogEditorActor: Deleted Actor: StaticMeshActor
[2018.09.06-17.05.13:707][126]LogEditorActor: Deleted Actor: StaticMeshActor
[2018.09.06-17.05.13:707][126]LogEditorActor: Deleted Actor: StaticMeshActor
[2018.09.06-17.05.13:708][126]LogEditorActor: Deleted Actor: StaticMeshActor
[2018.09.06-17.05.13:708][126]LogEditorActor: Deleted Actor: StaticMeshActor
[2018.09.06-17.05.13:709][126]LogEditorActor: Deleted Actor: StaticMeshActor
[2018.09.06-17.05.13:710][126]LogEditorActor: Deleted Actor: StaticMeshActor
[2018.09.06-17.05.13:712][126]LogEditorActor: Deleted Actor: StaticMeshActor
[2018.09.06-17.05.13:715][126]LogEditorActor: Deleted Actor: StaticMeshActor
[2018.09.06-17.05.13:716][126]LogEditorActor: Deleted Actor: StaticMeshActor
[2018.09.06-17.05.13:718][126]LogEditorActor: Deleted Actor: StaticMeshActor
[2018.09.06-17.05.13:720][126]LogEditorActor: Deleted Actor: StaticMeshActor
[2018.09.06-17.05.13:721][126]LogEditorActor: Deleted Actor: StaticMeshActor
[2018.09.06-17.05.13:722][126]LogEditorActor: Deleted Actor: StaticMeshActor
[2018.09.06-17.05.13:722][126]LogEditorActor: Deleted Actor: StaticMeshActor
[2018.09.06-17.05.13:753][126]LogEditorActor: Deleted 15 Actors (0.065 secs)
[2018.09.06-17.05.16:052][221]LogEditorActor: Deleted Actor: StaticMeshActor
[2018.09.06-17.05.16:087][221]LogEditorActor: Deleted 1 Actors (0.042 secs)
[2018.09.06-17.05.25:920][636]LogEditorActor: Deleted Actor: PlayerStart
[2018.09.06-17.05.25:958][636]LogEditorActor: Deleted 1 Actors (0.044 secs)
[2018.09.06-17.05.35:409][ 35]LogSlate: FSceneViewport::OnFocusLost() reason 0
[2018.09.06-17.05.36:377][ 77]LogEditorActor: Deleted Actor: PostProcessVolume
[2018.09.06-17.05.36:416][ 77]LogEditorActor: Deleted 1 Actors (0.042 secs)
[2018.09.06-17.05.41:156][301]Cmd: TRANSACTION UNDO
[2018.09.06-17.05.41:157][301]LogEditorTransaction: Undo Eliminar selección
[2018.09.06-17.05.42:782][362]LogSlate: FSceneViewport::OnFocusLost() reason 0
[2018.09.06-17.05.43:093][364]LogTexture: Display: Building textures: Texture2D_2 (G8, 128X128)
[2018.09.06-17.05.48:472][505]LogTexture: Display: Building textures: Texture2D_0 (BGRA8, 512X512)
[2018.09.06-17.05.48:488][505]LogTexture: Display: Building textures: Texture2D_1 (BGRA8, 512X512)
[2018.09.06-17.05.48:500][505]LogTexture: Display: Building textures: Texture2D_2 (BGRA8, 512X512)
[2018.09.06-17.05.48:510][505]LogTexture: Display: Building textures: Texture2D_3 (BGRA8, 512X512)
[2018.09.06-17.05.48:519][505]LogTexture: Display: Building textures: Texture2D_4 (BGRA8, 512X512)
[2018.09.06-17.05.48:531][505]LogTexture: Display: Building textures: Texture2D_5 (BGRA8, 512X512)
[2018.09.06-17.05.48:542][505]LogTexture: Display: Building textures: Texture2D_6 (BGRA8, 512X512)
[2018.09.06-17.05.48:554][505]LogTexture: Display: Building textures: Texture2D_7 (BGRA8, 512X512)
[2018.09.06-17.05.48:567][505]LogTexture: Display: Building textures: Texture2D_8 (BGRA8, 512X512)
[2018.09.06-17.05.48:579][505]LogTexture: Display: Building textures: Texture2D_9 (BGRA8, 512X512)
[2018.09.06-17.05.48:591][505]LogTexture: Display: Building textures: Texture2D_10 (BGRA8, 512X512)
[2018.09.06-17.05.48:603][505]LogTexture: Display: Building textures: Texture2D_11 (BGRA8, 512X512)
[2018.09.06-17.05.48:614][505]LogTexture: Display: Building textures: Texture2D_12 (BGRA8, 512X512)
[2018.09.06-17.05.48:624][505]LogTexture: Display: Building textures: Texture2D_13 (BGRA8, 512X512)
[2018.09.06-17.05.48:635][505]LogTexture: Display: Building textures: Texture2D_14 (BGRA8, 512X512)
[2018.09.06-17.05.48:645][505]LogTexture: Display: Building textures: Texture2D_15 (BGRA8, 512X512)
[2018.09.06-17.05.55:603][718]LogSlate: FSceneViewport::OnFocusLost() reason 0
[2018.09.06-17.08.56:959][104]LogSlate: FSceneViewport::OnFocusLost() reason 0
[2018.09.06-17.09.41:525][815]LogSlate: FSceneViewport::OnFocusLost() reason 0
[2018.09.06-17.09.59:013][502]LogSlate: FSceneViewport::OnFocusLost() reason 2
[2018.09.06-17.10.09:355][899]LogSlate: FSceneViewport::OnFocusLost() reason 0
[2018.09.06-17.10.22:144][415]LogSlate: FSceneViewport::OnFocusLost() reason 0
[2018.09.06-17.11.33:122][367]LogSlate: FSceneViewport::OnFocusLost() reason 0
[2018.09.06-17.11.36:567][520]LogEditorViewport: Clicking on Actor (context menu): BP_Sky_Sphere_C (Sky Sphere)
[2018.09.06-17.11.36:731][520]LogSlate: FSceneViewport::OnFocusLost() reason 2
[2018.09.06-17.11.38:021][614]LogEditorViewport: Clicking on Actor (context menu): DirectionalLight (Light)
[2018.09.06-17.11.38:077][614]LogSlate: FSceneViewport::OnFocusLost() reason 2
[2018.09.06-17.11.57:368][151]LogEditorViewport: Clicking on Actor (context menu): DirectionalLight (Light)
[2018.09.06-17.11.57:402][151]LogSlate: FSceneViewport::OnFocusLost() reason 2
[2018.09.06-17.12.01:442][398]LogSlate: FSceneViewport::OnFocusLost() reason 0
[2018.09.06-17.12.05:974][600]LogEditorViewport: Clicking on Actor (context menu): DirectionalLight (Light)
[2018.09.06-17.12.06:002][600]LogSlate: FSceneViewport::OnFocusLost() reason 2
[2018.09.06-17.12.08:622][733]LogSlate: FSceneViewport::OnFocusLost() reason 0
[2018.09.06-17.12.11:273][851]LogSlate: FSceneViewport::OnFocusLost() reason 2
[2018.09.06-17.12.59:372][124]LogSlate: FSceneViewport::OnFocusLost() reason 0
[2018.09.06-17.13.32:982][683]LogAssetEditorManager: Opening Asset editor for Blueprint /Engine/EngineSky/BP_Sky_Sphere.BP_Sky_Sphere
[2018.09.06-17.13.33:440][683]LogContentBrowser: Native class hierarchy updated for 'BlueprintGraph' in 0.0007 seconds. Added 116 classes and 0 folders.
[2018.09.06-17.13.34:206][683]LogMaterial: Display: Missing cached shader map for material PersonaFloorMat, compiling. 
[2018.09.06-17.13.34:331][683]LogShaderCompilers: Display: Shaders left to compile 31
[2018.09.06-17.13.34:331][683]LogShaderCompilers: Display: Shaders left to compile 21
[2018.09.06-17.13.34:331][683]LogShaderCompilers: Display: Shaders left to compile 11
[2018.09.06-17.13.34:382][683]LogSlate: Took 0.013783 seconds to synchronously load lazily loaded font '../../../Engine/Content/Slate/Fonts/Roboto-BoldCondensed.ttf' (158K)
[2018.09.06-17.13.37:363][684]LogShaderCompilers: Display: Shaders left to compile 1
[2018.09.06-17.13.37:443][684]LogSlate: Took 0.064332 seconds to synchronously load lazily loaded font '../../../Engine/Content/Slate/Fonts/Roboto-Italic.ttf' (157K)
[2018.09.06-17.13.55:568][525]LogSlate: Window 'BP_Sky_Sphere' being destroyed
[2018.09.06-17.13.55:575][525]LogSlate: Window 'BP_Sky_Sphere' being destroyed
[2018.09.06-17.15.03:420][519]LogSlate: FSceneViewport::OnFocusLost() reason 0
[2018.09.06-17.15.14:628][995]LogSlate: FSceneViewport::OnFocusLost() reason 2
[2018.09.06-17.15.18:972][229]LogSlate: FSceneViewport::OnFocusLost() reason 0
[2018.09.06-17.15.30:658][722]LogSlate: FSceneViewport::OnFocusLost() reason 0
[2018.09.06-17.15.47:602][519]LogSlate: FSceneViewport::OnFocusLost() reason 0
[2018.09.06-17.16.11:844][630]LogSlate: FSceneViewport::OnFocusLost() reason 0
[2018.09.06-17.16.22:941][114]LogSlate: FSceneViewport::OnFocusLost() reason 0
[2018.09.06-17.16.41:569][218]LogEditorViewport: Clicking on Component (LMB): DirectionalLightComponent (LightComponent0)
[2018.09.06-17.16.43:768][307]Cmd: TRANSACTION UNDO
[2018.09.06-17.16.43:768][307]LogEditorTransaction: Undo Clicking on Components
[2018.09.06-17.16.45:678][382]Cmd: TRANSACTION UNDO
[2018.09.06-17.16.45:678][382]LogEditorTransaction: Undo Reset to Default
[2018.09.06-17.16.46:883][428]Cmd: TRANSACTION UNDO
[2018.09.06-17.16.46:883][428]LogEditorTransaction: Undo Editar Intensidad
[2018.09.06-17.16.48:197][478]Cmd: TRANSACTION UNDO
[2018.09.06-17.16.48:197][478]LogEditorTransaction: Undo Pinchar en los actores
[2018.09.06-17.16.49:282][520]Cmd: TRANSACTION UNDO
[2018.09.06-17.16.49:282][520]LogEditorTransaction: Undo Pinchar en los actores
[2018.09.06-17.16.51:072][588]LogSlate: FSceneViewport::OnFocusLost() reason 0
[2018.09.06-17.17.20:555][707]LogSlate: FSceneViewport::OnFocusLost() reason 2
[2018.09.06-17.17.34:817][499]LogSlate: FSceneViewport::OnFocusLost() reason 2
[2018.09.06-17.17.40:212][796]LogSlate: FSceneViewport::OnFocusLost() reason 2
[2018.09.06-17.17.41:081][872]LogSlate: FSceneViewport::OnFocusLost() reason 2
[2018.09.06-17.18.04:380][398]LogSlate: FSceneViewport::OnFocusLost() reason 0
[2018.09.06-17.18.11:746][659]LogSlate: FSceneViewport::OnFocusLost() reason 0
[2018.09.06-17.18.14:331][663]LogSlate: Window 'Guardar contenido' being destroyed
[2018.09.06-17.18.14:450][663]LogSlate: Window 'MyProject - Unreal Editor' being destroyed
[2018.09.06-17.18.14:744][664]Cmd: QUIT_EDITOR
[2018.09.06-17.18.15:028][664]LogExit: Preparing to exit.
[2018.09.06-17.18.15:811][664]LogExit: Editor shut down
[2018.09.06-17.18.15:812][664]LogExit: Transaction tracking system shut down
[2018.09.06-17.18.17:173][664]LogExit: Object subsystem successfully closed.
[2018.09.06-17.18.17:298][664]LogShaderCompilers: Display: Shaders left to compile 0
[2018.09.06-17.18.17:318][664]LogD3D11RHI: Shutdown
[2018.09.06-17.18.17:318][664]LogD3D11RHI: CleanupD3DDevice
[2018.09.06-17.18.17:375][664]LogD3D11RHI: ~FD3D11DynamicRHI
[2018.09.06-17.18.18:402][664]LogModuleManager: Shutting down and abandoning module BlueprintGraph (616)
[2018.09.06-17.18.18:402][664]LogModuleManager: Shutting down and abandoning module HierarchicalLODUtilities (614)
[2018.09.06-17.18.18:402][664]LogModuleManager: Shutting down and abandoning module NewLevelDialog (612)
[2018.09.06-17.18.18:402][664]LogModuleManager: Shutting down and abandoning module HierarchicalLODOutliner (610)
[2018.09.06-17.18.18:402][664]LogModuleManager: Shutting down and abandoning module SceneOutliner (608)
[2018.09.06-17.18.18:402][664]LogModuleManager: Shutting down and abandoning module AddContentDialog (606)
[2018.09.06-17.18.18:415][664]LogModuleManager: Shutting down and abandoning module WidgetCarousel (605)
[2018.09.06-17.18.18:415][664]LogModuleManager: Shutting down and abandoning module EditorWidgets (602)
[2018.09.06-17.18.18:415][664]LogModuleManager: Shutting down and abandoning module CollectionManager (600)
[2018.09.06-17.18.18:442][664]LogModuleManager: Shutting down and abandoning module StatsViewer (598)
[2018.09.06-17.18.18:447][664]LogModuleManager: Shutting down and abandoning module FoliageEdit (596)
[2018.09.06-17.18.18:447][664]LogModuleManager: Shutting down and abandoning module LandscapeEditor (594)
[2018.09.06-17.18.18:456][664]LogModuleManager: Shutting down and abandoning module MeshPaintMode (592)
[2018.09.06-17.18.18:456][664]LogModuleManager: Shutting down and abandoning module SceneDepthPickerMode (590)
[2018.09.06-17.18.18:456][664]LogModuleManager: Shutting down and abandoning module ActorPickerMode (588)
[2018.09.06-17.18.18:456][664]LogModuleManager: Shutting down and abandoning module GeometryMode (586)
[2018.09.06-17.18.18:456][664]LogModuleManager: Shutting down and abandoning module TextureAlignMode (584)
[2018.09.06-17.18.18:456][664]LogModuleManager: Shutting down and abandoning module BspMode (582)
[2018.09.06-17.18.18:456][664]LogModuleManager: Shutting down and abandoning module PIEPreviewDeviceProfileSelector (580)
[2018.09.06-17.18.18:464][664]LogModuleManager: Shutting down and abandoning module SequenceRecorderSections (578)
[2018.09.06-17.18.18:464][664]LogModuleManager: Shutting down and abandoning module AutomationWorker (576)
[2018.09.06-17.18.18:464][664]LogModuleManager: Shutting down and abandoning module AudioCaptureEditor (574)
[2018.09.06-17.18.18:464][664]LogModuleManager: Shutting down and abandoning module SequenceRecorder (573)
[2018.09.06-17.18.18:465][664]LogModuleManager: Shutting down and abandoning module MatineeToLevelSequence (570)
[2018.09.06-17.18.18:465][664]LogModuleManager: Shutting down and abandoning module LevelSequenceEditor (568)
[2018.09.06-17.18.18:475][664]LogModuleManager: Shutting down and abandoning module PlacementMode (567)
[2018.09.06-17.18.18:475][664]LogModuleManager: Shutting down and abandoning module MaterialEditor (566)
[2018.09.06-17.18.18:500][664]LogModuleManager: Shutting down and abandoning module WmfMediaFactory (562)
[2018.09.06-17.18.18:500][664]LogModuleManager: Shutting down and abandoning module WmfMediaEditor (560)
[2018.09.06-17.18.18:500][664]LogModuleManager: Shutting down and abandoning module MediaPlayerEditor (558)
[2018.09.06-17.18.18:520][664]LogModuleManager: Shutting down and abandoning module OpenExrWrapper (556)
[2018.09.06-17.18.18:520][664]LogModuleManager: Shutting down and abandoning module ImgMediaFactory (554)
[2018.09.06-17.18.18:520][664]LogModuleManager: Shutting down and abandoning module ImgMediaEditor (552)
[2018.09.06-17.18.18:520][664]LogModuleManager: Shutting down and abandoning module AvfMediaFactory (550)
[2018.09.06-17.18.18:520][664]LogModuleManager: Shutting down and abandoning module AvfMediaEditor (548)
[2018.09.06-17.18.18:520][664]LogModuleManager: Shutting down and abandoning module AndroidMediaFactory (546)
[2018.09.06-17.18.18:520][664]LogModuleManager: Shutting down and abandoning module AndroidMediaEditor (544)
[2018.09.06-17.18.18:520][664]LogModuleManager: Shutting down and abandoning module MagicLeapCameraPreviewFactory (542)
[2018.09.06-17.18.18:520][664]LogModuleManager: Shutting down and abandoning module MagicLeapMediaFactory (540)
[2018.09.06-17.18.18:520][664]LogModuleManager: Shutting down and abandoning module MagicLeapMediaEditor (538)
[2018.09.06-17.18.18:520][664]LogModuleManager: Shutting down and abandoning module CharacterAI (536)
[2018.09.06-17.18.18:520][664]LogModuleManager: Shutting down and abandoning module SmartSnapping (534)
[2018.09.06-17.18.18:520][664]LogModuleManager: Shutting down and abandoning module SessionServices (532)
[2018.09.06-17.18.18:520][664]LogModuleManager: Shutting down and abandoning module ViewportSnapping (530)
[2018.09.06-17.18.18:520][664]LogModuleManager: Shutting down and abandoning module ViewportInteraction (528)
[2018.09.06-17.18.18:520][664]LogModuleManager: Shutting down and abandoning module ClothPainter (526)
[2018.09.06-17.18.18:548][664]LogModuleManager: Shutting down and abandoning module SkeletalMeshEditor (525)
[2018.09.06-17.18.18:566][664]LogModuleManager: Shutting down and abandoning module LogVisualizer (522)
[2018.09.06-17.18.18:567][664]LogModuleManager: Shutting down and abandoning module IntroTutorials (520)
[2018.09.06-17.18.18:594][664]LogModuleManager: Shutting down and abandoning module GameProjectGeneration (519)
[2018.09.06-17.18.18:626][664]LogModuleManager: Shutting down and abandoning module LuminPlatformEditor (516)
[2018.09.06-17.18.18:626][664]LogModuleManager: Shutting down and abandoning module IOSPlatformEditor (514)
[2018.09.06-17.18.18:636][664]LogModuleManager: Shutting down and abandoning module HTML5PlatformEditor (512)
[2018.09.06-17.18.18:636][664]LogModuleManager: Shutting down and abandoning module AndroidPlatformEditor (510)
[2018.09.06-17.18.18:636][664]LogModuleManager: Shutting down and abandoning module AndroidDeviceDetection (509)
[2018.09.06-17.18.20:414][664]LogModuleManager: Shutting down and abandoning module WindowsPlatformEditor (506)
[2018.09.06-17.18.20:414][664]LogModuleManager: Shutting down and abandoning module LuminRuntimeSettings (504)
[2018.09.06-17.18.20:414][664]LogModuleManager: Shutting down and abandoning module IOSRuntimeSettings (502)
[2018.09.06-17.18.20:414][664]LogModuleManager: Shutting down and abandoning module AndroidRuntimeSettings (500)
[2018.09.06-17.18.20:414][664]LogModuleManager: Shutting down and abandoning module InputBindingEditor (498)
[2018.09.06-17.18.20:447][664]LogModuleManager: Shutting down and abandoning module MergeActors (496)
[2018.09.06-17.18.20:452][664]LogModuleManager: Shutting down and abandoning module LocalizationDashboard (494)
[2018.09.06-17.18.20:475][664]LogModuleManager: Shutting down and abandoning module LocalizationService (493)
[2018.09.06-17.18.20:484][664]LogModuleManager: Shutting down and abandoning module HardwareTargeting (490)
[2018.09.06-17.18.20:484][664]LogModuleManager: Shutting down and abandoning module DeviceProfileEditor (488)
[2018.09.06-17.18.20:484][664]LogModuleManager: Shutting down and abandoning module UndoHistory (486)
[2018.09.06-17.18.20:507][664]LogModuleManager: Shutting down and abandoning module XmlParser (484)
[2018.09.06-17.18.20:507][664]LogModuleManager: Shutting down and abandoning module Blutility (482)
[2018.09.06-17.18.20:507][664]LogModuleManager: Shutting down and abandoning module ProjectSettingsViewer (480)
[2018.09.06-17.18.20:507][664]LogModuleManager: Shutting down and abandoning module ProjectTargetPlatformEditor (479)
[2018.09.06-17.18.20:507][664]LogModuleManager: Shutting down and abandoning module EditorSettingsViewer (476)
[2018.09.06-17.18.20:507][664]LogModuleManager: Shutting down and abandoning module SettingsEditor (474)
[2018.09.06-17.18.20:535][664]LogModuleManager: Shutting down and abandoning module ProjectLauncher (472)
[2018.09.06-17.18.20:564][664]LogModuleManager: Shutting down and abandoning module SessionFrontend (470)
[2018.09.06-17.18.20:595][664]LogModuleManager: Shutting down and abandoning module ProfilerClient (468)
[2018.09.06-17.18.20:618][664]LogModuleManager: Shutting down and abandoning module DeviceManager (466)
[2018.09.06-17.18.20:644][664]LogModuleManager: Shutting down and abandoning module TargetDeviceServices (465)
[2018.09.06-17.18.20:684][664]LogModuleManager: Shutting down and abandoning module AutomationController (462)
[2018.09.06-17.18.20:731][664]LogModuleManager: Shutting down and abandoning module AutomationWindow (460)
[2018.09.06-17.18.20:766][664]LogModuleManager: Shutting down and abandoning module Layers (458)
[2018.09.06-17.18.20:899][664]LogModuleManager: Shutting down and abandoning module ComponentVisualizers (456)
[2018.09.06-17.18.20:899][664]LogModuleManager: Shutting down and abandoning module DetailCustomizations (454)
[2018.09.06-17.18.20:917][664]LogModuleManager: Shutting down and abandoning module PackagesDialog (452)
[2018.09.06-17.18.20:917][664]LogModuleManager: Shutting down and abandoning module Persona (450)
[2018.09.06-17.18.20:944][664]LogModuleManager: Shutting down and abandoning module AdvancedPreviewScene (449)
[2018.09.06-17.18.20:944][664]LogModuleManager: Shutting down and abandoning module AnimGraph (447)
[2018.09.06-17.18.20:970][664]LogModuleManager: Shutting down and abandoning module Kismet (444)
[2018.09.06-17.18.21:013][664]LogModuleManager: Shutting down and abandoning module GraphEditor (442)
[2018.09.06-17.18.21:013][664]LogModuleManager: Shutting down and abandoning module ClassViewer (440)
[2018.09.06-17.18.21:014][664]LogModuleManager: Shutting down and abandoning module Toolbox (438)
[2018.09.06-17.18.21:014][664]LogModuleManager: Shutting down and abandoning module ModuleUI (436)
[2018.09.06-17.18.21:030][664]LogModuleManager: Shutting down and abandoning module MovieSceneTools (434)
[2018.09.06-17.18.21:080][664]LogModuleManager: Shutting down and abandoning module OutputLog (432)
[2018.09.06-17.18.21:080][664]LogModuleManager: Shutting down and abandoning module GammaUI (430)
[2018.09.06-17.18.21:090][664]LogModuleManager: Shutting down and abandoning module Documentation (428)
[2018.09.06-17.18.21:090][664]LogModuleManager: Shutting down and abandoning module MovieSceneTracks (426)
[2018.09.06-17.18.21:090][664]LogModuleManager: Shutting down and abandoning module MovieScene (424)
[2018.09.06-17.18.21:108][664]LogModuleManager: Shutting down and abandoning module StreamingPauseRendering (422)
[2018.09.06-17.18.21:108][664]LogModuleManager: Shutting down and abandoning module LauncherPlatform (420)
[2018.09.06-17.18.21:108][664]LogModuleManager: Shutting down and abandoning module AnalyticsET (418)
[2018.09.06-17.18.21:108][664]LogModuleManager: Shutting down and abandoning module PortalServices (416)
[2018.09.06-17.18.21:108][664]LogModuleManager: Shutting down and abandoning module PortalRpc (414)
[2018.09.06-17.18.21:108][664]LogModuleManager: Shutting down and abandoning module MessagingRpc (412)
[2018.09.06-17.18.21:108][664]LogModuleManager: Shutting down and abandoning module AIModule (410)
[2018.09.06-17.18.21:136][664]LogModuleManager: Shutting down and abandoning module GameplayDebugger (409)
[2018.09.06-17.18.21:178][664]LogModuleManager: Shutting down and abandoning module AITestSuite (407)
[2018.09.06-17.18.21:229][664]LogModuleManager: Shutting down and abandoning module NavigationSystem (405)
[2018.09.06-17.18.21:229][664]LogModuleManager: Shutting down and abandoning module DesktopPlatform (402)
[2018.09.06-17.18.21:229][664]LogModuleManager: Shutting down and abandoning module ProfilerService (400)
[2018.09.06-17.18.21:334][664]LogModuleManager: Shutting down and abandoning module TaskGraph (398)
[2018.09.06-17.18.21:392][664]LogModuleManager: Shutting down and abandoning module SteamVRController (396)
[2018.09.06-17.18.21:392][664]LogModuleManager: Shutting down and abandoning module ProceduralMeshComponentEditor (394)
[2018.09.06-17.18.21:392][664]LogModuleManager: Shutting down and abandoning module ProceduralMeshComponent (392)
[2018.09.06-17.18.21:398][664]LogModuleManager: Shutting down and abandoning module OculusInput (390)
[2018.09.06-17.18.21:398][664]LogModuleManager: Shutting down and abandoning module MobilePatchingUtils (388)
[2018.09.06-17.18.21:398][664]LogModuleManager: Shutting down and abandoning module EditableMesh (386)
[2018.09.06-17.18.21:404][664]LogModuleManager: Shutting down and abandoning module CustomMeshComponent (384)
[2018.09.06-17.18.21:404][664]LogModuleManager: Shutting down and abandoning module CableComponent (382)
[2018.09.06-17.18.21:404][664]LogModuleManager: Shutting down and abandoning module AudioCapture (380)
[2018.09.06-17.18.21:404][664]LogModuleManager: Shutting down and abandoning module ArchVisCharacter (378)
[2018.09.06-17.18.21:404][664]LogModuleManager: Shutting down and abandoning module AndroidPermission (376)
[2018.09.06-17.18.21:404][664]LogModuleManager: Shutting down and abandoning module NUTUnrealEngine4 (374)
[2018.09.06-17.18.21:404][664]LogModuleManager: Shutting down and abandoning module NetcodeUnitTest (372)
[2018.09.06-17.18.21:527][664]LogModuleManager: Shutting down and abandoning module MediaCompositingEditor (370)
[2018.09.06-17.18.21:527][664]LogModuleManager: Shutting down and abandoning module MediaCompositing (368)
[2018.09.06-17.18.21:527][664]LogModuleManager: Shutting down and abandoning module LinearTimecode (366)
[2018.09.06-17.18.21:527][664]LogModuleManager: Shutting down and abandoning module ImgMedia (364)
[2018.09.06-17.18.21:544][664]LogModuleManager: Shutting down and abandoning module HTML5Networking (362)
[2018.09.06-17.18.21:544][664]LogModuleManager: Shutting down and abandoning module GeometryCacheTracks (360)
[2018.09.06-17.18.21:544][664]LogModuleManager: Shutting down and abandoning module GeometryCacheSequencer (358)
[2018.09.06-17.18.21:544][664]LogModuleManager: Shutting down and abandoning module BackChannel (356)
[2018.09.06-17.18.21:586][664]LogModuleManager: Shutting down and abandoning module AppleVision (354)
[2018.09.06-17.18.21:586][664]LogModuleManager: Shutting down and abandoning module AppleImageUtils (352)
[2018.09.06-17.18.21:586][664]LogModuleManager: Shutting down and abandoning module AlembicImporter (350)
[2018.09.06-17.18.21:586][664]LogModuleManager: Shutting down and abandoning module AlembicLibrary (349)
[2018.09.06-17.18.21:586][664]LogModuleManager: Shutting down and abandoning module GeometryCache (348)
[2018.09.06-17.18.21:586][664]LogModuleManager: Shutting down and abandoning module GeometryCacheEd (347)
[2018.09.06-17.18.21:586][664]LogModuleManager: Shutting down and abandoning module DatasmithContentEditor (342)
[2018.09.06-17.18.21:586][664]LogModuleManager: Shutting down and abandoning module DatasmithContent (340)
[2018.09.06-17.18.21:586][664]LogModuleManager: Shutting down and abandoning module SpeedTreeImporter (338)
[2018.09.06-17.18.21:586][664]LogModuleManager: Shutting down and abandoning module PluginBrowser (336)
[2018.09.06-17.18.21:701][664]LogModuleManager: Shutting down and abandoning module MobileLauncherProfileWizard (334)
[2018.09.06-17.18.21:710][664]LogModuleManager: Shutting down and abandoning module PolygonModeling (332)
[2018.09.06-17.18.21:710][664]LogModuleManager: Shutting down and abandoning module MeshEditor (330)
[2018.09.06-17.18.21:741][664]LogModuleManager: Shutting down and abandoning module CryptoKeysOpenSSL (328)
[2018.09.06-17.18.21:759][664]LogModuleManager: Shutting down and abandoning module CryptoKeys (326)
[2018.09.06-17.18.21:759][664]LogModuleManager: Shutting down and abandoning module VisualStudioSourceCodeAccess (324)
[2018.09.06-17.18.21:760][664]LogModuleManager: Shutting down and abandoning module VisualStudioCodeSourceCodeAccess (322)
[2018.09.06-17.18.21:760][664]LogModuleManager: Shutting down and abandoning module UObjectPlugin (320)
[2018.09.06-17.18.21:760][664]LogModuleManager: Shutting down and abandoning module SubversionSourceControl (318)
[2018.09.06-17.18.21:789][664]LogModuleManager: Shutting down and abandoning module PerforceSourceControl (316)
[2018.09.06-17.18.21:900][664]LogModuleManager: Shutting down and abandoning module GitSourceControl (314)
[2018.09.06-17.18.21:939][664]LogModuleManager: Shutting down and abandoning module SourceControl (313)
[2018.09.06-17.18.21:964][664]LogModuleManager: Shutting down and abandoning module CLionSourceCodeAccess (310)
[2018.09.06-17.18.21:964][664]LogModuleManager: Shutting down and abandoning module LightPropagationVolumeEditor (308)
[2018.09.06-17.18.21:964][664]LogModuleManager: Shutting down and abandoning module PaperTiledImporter (306)
[2018.09.06-17.18.21:964][664]LogModuleManager: Shutting down and abandoning module PaperSpriteSheetImporter (304)
[2018.09.06-17.18.21:964][664]LogModuleManager: Shutting down and abandoning module Paper2DEditor (302)
[2018.09.06-17.18.22:011][664]LogModuleManager: Shutting down and abandoning module MeshPaint (301)
[2018.09.06-17.18.22:045][664]LogModuleManager: Shutting down and abandoning module RuntimePhysXCooking (298)
[2018.09.06-17.18.22:045][664]LogModuleManager: Shutting down and abandoning module PhysXVehiclesEditor (296)
[2018.09.06-17.18.22:045][664]LogModuleManager: Shutting down and abandoning module PhysXVehicles (294)
[2018.09.06-17.18.22:045][664]LogModuleManager: Shutting down and abandoning module OculusEditor (292)
[2018.09.06-17.18.22:071][664]LogModuleManager: Shutting down and abandoning module LocationServicesBPLibrary (290)
[2018.09.06-17.18.22:071][664]LogModuleManager: Shutting down and abandoning module ImmediatePhysicsEditor (288)
[2018.09.06-17.18.22:071][664]LogModuleManager: Shutting down and abandoning module ImmediatePhysics (286)
[2018.09.06-17.18.22:118][664]LogModuleManager: Shutting down and abandoning module ActorSequence (284)
[2018.09.06-17.18.22:119][664]LogModuleManager: Shutting down and abandoning module UdpMessaging (282)
[2018.09.06-17.18.22:219][664]LogModuleManager: Shutting down and abandoning module TcpMessaging (280)
[2018.09.06-17.18.22:328][664]LogModuleManager: Shutting down and abandoning module MagicLeapAudio (278)
[2018.09.06-17.18.22:328][664]LogModuleManager: Shutting down and abandoning module GameplayTagsEditor (276)
[2018.09.06-17.18.22:347][664]LogModuleManager: Shutting down and abandoning module FacialAnimationEditor (274)
[2018.09.06-17.18.22:347][664]LogModuleManager: Shutting down and abandoning module FacialAnimation (272)
[2018.09.06-17.18.22:347][664]LogModuleManager: Shutting down and abandoning module DataValidation (270)
[2018.09.06-17.18.22:347][664]LogModuleManager: Shutting down and abandoning module AssetManagerEditor (268)
[2018.09.06-17.18.22:438][664]LogModuleManager: Shutting down and abandoning module LevelEditor (267)
[2018.09.06-17.18.22:472][664]LogModuleManager: Shutting down and abandoning module PixelInspectorModule (266)
[2018.09.06-17.18.22:486][664]LogModuleManager: Shutting down and abandoning module CommonMenuExtensions (264)
[2018.09.06-17.18.22:486][664]LogModuleManager: Shutting down and abandoning module MainFrame (262)
[2018.09.06-17.18.22:487][664]LogModuleManager: Shutting down and abandoning module HotReload (261)
[2018.09.06-17.18.22:487][664]LogModuleManager: Shutting down and abandoning module ContentBrowser (257)
[2018.09.06-17.18.22:488][664]LogModuleManager: Shutting down and abandoning module TreeMap (255)
[2018.09.06-17.18.22:529][664]LogModuleManager: Shutting down and abandoning module LightPropagationVolumeRuntime (252)
[2018.09.06-17.18.22:529][664]LogModuleManager: Shutting down and abandoning module AISupportModule (250)
[2018.09.06-17.18.22:529][664]LogModuleManager: Shutting down and abandoning module Paper2D (248)
[2018.09.06-17.18.22:537][664]LogModuleManager: Shutting down and abandoning module WindowsMoviePlayer (246)
[2018.09.06-17.18.22:542][664]LogModuleManager: Shutting down and abandoning module WmfMedia (244)
[2018.09.06-17.18.22:591][664]LogModuleManager: Shutting down and abandoning module Media (243)
[2018.09.06-17.18.22:596][664]LogModuleManager: Shutting down and abandoning module PacketHandler (240)
[2018.09.06-17.18.22:596][664]LogModuleManager: Shutting down and abandoning module ClothingSystemEditor (238)
[2018.09.06-17.18.22:596][664]LogModuleManager: Shutting down and abandoning module ClothingSystemRuntime (236)
[2018.09.06-17.18.22:627][664]LogModuleManager: Shutting down and abandoning module MediaAssets (234)
[2018.09.06-17.18.22:627][664]LogModuleManager: Shutting down and abandoning module Overlay (232)
[2018.09.06-17.18.22:627][664]LogModuleManager: Shutting down and abandoning module OverlayEditor (231)
[2018.09.06-17.18.22:628][664]LogModuleManager: Shutting down and abandoning module VREditor (228)
[2018.09.06-17.18.22:649][664]LogModuleManager: Shutting down and abandoning module StringTableEditor (226)
[2018.09.06-17.18.22:739][664]LogModuleManager: Shutting down and abandoning module GameplayTasksEditor (224)
[2018.09.06-17.18.22:740][664]LogModuleManager: Shutting down and abandoning module BehaviorTreeEditor (222)
[2018.09.06-17.18.23:033][664]LogModuleManager: Shutting down and abandoning module FunctionalTesting (220)
[2018.09.06-17.18.23:072][664]LogModuleManager: Shutting down and abandoning module CollisionAnalyzer (218)
[2018.09.06-17.18.23:101][664]LogModuleManager: Shutting down and abandoning module WorkspaceMenuStructure (217)
[2018.09.06-17.18.23:101][664]LogModuleManager: Shutting down and abandoning module UMG (214)
[2018.09.06-17.18.23:114][664]LogModuleManager: Shutting down and abandoning module UMGEditor (213)
[2018.09.06-17.18.23:181][664]LogModuleManager: Shutting down and abandoning module Sequencer (212)
[2018.09.06-17.18.23:340][664]LogModuleManager: Shutting down and abandoning module MessageLog (209)
[2018.09.06-17.18.23:341][664]LogModuleManager: Shutting down and abandoning module SlateReflector (204)
[2018.09.06-17.18.23:426][664]LogModuleManager: Shutting down and abandoning module Slate (202)
[2018.09.06-17.18.23:427][664]LogModuleManager: Shutting down and abandoning module EditorStyle (200)
[2018.09.06-17.18.23:437][664]LogModuleManager: Shutting down and abandoning module MRMesh (198)
[2018.09.06-17.18.23:437][664]LogModuleManager: Shutting down and abandoning module SourceCodeAccess (196)
[2018.09.06-17.18.23:437][664]LogModuleManager: Shutting down and abandoning module HeadMountedDisplay (194)
[2018.09.06-17.18.23:437][664]LogModuleManager: Shutting down and abandoning module XAudio2 (192)
[2018.09.06-17.18.23:437][664]LogModuleManager: Shutting down and abandoning module Networking (190)
[2018.09.06-17.18.23:437][664]LogModuleManager: Shutting down and abandoning module Core (188)
[2018.09.06-17.18.23:437][664]LogModuleManager: Shutting down and abandoning module LevelSequence (186)
[2018.09.06-17.18.23:438][664]LogModuleManager: Shutting down and abandoning module KismetCompiler (184)
[2018.09.06-17.18.23:438][664]LogModuleManager: Shutting down and abandoning module MeshUtilities (182)
[2018.09.06-17.18.23:455][664]LogModuleManager: Shutting down and abandoning module MeshMergeUtilities (181)
[2018.09.06-17.18.23:496][664]LogModuleManager: Shutting down and abandoning module MeshReductionInterface (180)
[2018.09.06-17.18.23:496][664]LogModuleManager: Shutting down and abandoning module SimplygonSwarm (179)
[2018.09.06-17.18.23:515][664]LogModuleManager: Shutting down and abandoning module ProxyLODMeshReduction (177)
[2018.09.06-17.18.23:543][664]LogModuleManager: Shutting down and abandoning module SimplygonMeshReduction (175)
[2018.09.06-17.18.23:543][664]LogModuleManager: Shutting down and abandoning module QuadricMeshReduction (173)
[2018.09.06-17.18.23:557][664]LogModuleManager: Shutting down and abandoning module MaterialBaking (169)
[2018.09.06-17.18.23:571][664]LogModuleManager: Shutting down and abandoning module DirectoryWatcher (165)
[2018.09.06-17.18.23:571][664]LogModuleManager: Shutting down and abandoning module DerivedDataCache (162)
[2018.09.06-17.18.23:599][664]LogDerivedDataCache: Shutdown
[2018.09.06-17.18.23:600][664]LogModuleManager: Shutting down and abandoning module XGEController (160)
[2018.09.06-17.18.23:600][664]LogXGEController: Cleaning working directory: C:/Users/User/AppData/Local/Temp/UnrealXGEWorkingDir/
[2018.09.06-17.18.23:600][664]LogModuleManager: Shutting down and abandoning module TargetPlatform (158)
[2018.09.06-17.18.23:600][664]LogModuleManager: Shutting down and abandoning module VulkanShaderFormat (157)
[2018.09.06-17.18.23:605][664]LogModuleManager: Shutting down and abandoning module ShaderFormatVectorVM (155)
[2018.09.06-17.18.23:605][664]LogModuleManager: Shutting down and abandoning module ShaderFormatOpenGL (153)
[2018.09.06-17.18.23:612][664]LogModuleManager: Shutting down and abandoning module ShaderFormatD3D (151)
[2018.09.06-17.18.23:612][664]LogModuleManager: Shutting down and abandoning module MetalShaderFormat (149)
[2018.09.06-17.18.23:637][664]LogModuleManager: Shutting down and abandoning module TextureFormatUncompressed (147)
[2018.09.06-17.18.23:637][664]LogModuleManager: Shutting down and abandoning module TextureFormatPVR (145)
[2018.09.06-17.18.23:637][664]LogModuleManager: Shutting down and abandoning module TextureFormatDXT (143)
[2018.09.06-17.18.23:637][664]LogModuleManager: Shutting down and abandoning module TextureFormatIntelISPCTexComp (141)
[2018.09.06-17.18.23:637][664]LogModuleManager: Shutting down and abandoning module TextureFormatASTC (139)
[2018.09.06-17.18.23:637][664]LogModuleManager: Shutting down and abandoning module ImageWrapper (138)
[2018.09.06-17.18.23:637][664]LogModuleManager: Shutting down and abandoning module TextureFormatAndroid (135)
[2018.09.06-17.18.23:637][664]LogModuleManager: Shutting down and abandoning module AudioFormatOpus (133)
[2018.09.06-17.18.23:637][664]LogModuleManager: Shutting down and abandoning module AudioFormatOgg (131)
[2018.09.06-17.18.23:637][664]LogModuleManager: Shutting down and abandoning module AudioFormatADPCM (129)
[2018.09.06-17.18.23:637][664]LogModuleManager: Shutting down and abandoning module LuminTargetPlatform (127)
[2018.09.06-17.18.23:637][664]LogModuleManager: Shutting down and abandoning module LinuxTargetPlatform (125)
[2018.09.06-17.18.23:637][664]LogModuleManager: Shutting down and abandoning module LinuxServerTargetPlatform (123)
[2018.09.06-17.18.23:637][664]LogModuleManager: Shutting down and abandoning module LinuxNoEditorTargetPlatform (121)
[2018.09.06-17.18.23:637][664]LogModuleManager: Shutting down and abandoning module LinuxClientTargetPlatform (119)
[2018.09.06-17.18.23:637][664]LogModuleManager: Shutting down and abandoning module TVOSTargetPlatform (117)
[2018.09.06-17.18.23:638][664]LogModuleManager: Shutting down and abandoning module Messaging (115)
[2018.09.06-17.18.23:638][664]LogModuleManager: Shutting down and abandoning module IOSTargetPlatform (113)
[2018.09.06-17.18.23:639][664]LogModuleManager: Shutting down and abandoning module HTML5TargetPlatform (111)
[2018.09.06-17.18.23:639][664]LogModuleManager: Shutting down and abandoning module AndroidTargetPlatform (109)
[2018.09.06-17.18.23:649][664]LogModuleManager: Shutting down and abandoning module WindowsTargetPlatform (107)
[2018.09.06-17.18.23:649][664]LogModuleManager: Shutting down and abandoning module WindowsServerTargetPlatform (105)
[2018.09.06-17.18.23:649][664]LogModuleManager: Shutting down and abandoning module WindowsNoEditorTargetPlatform (103)
[2018.09.06-17.18.23:649][664]LogModuleManager: Shutting down and abandoning module WindowsClientTargetPlatform (101)
[2018.09.06-17.18.23:649][664]LogModuleManager: Shutting down and abandoning module MacTargetPlatform (99)
[2018.09.06-17.18.23:649][664]LogModuleManager: Shutting down and abandoning module MacServerTargetPlatform (97)
[2018.09.06-17.18.23:649][664]LogModuleManager: Shutting down and abandoning module MacNoEditorTargetPlatform (95)
[2018.09.06-17.18.23:649][664]LogModuleManager: Shutting down and abandoning module MacClientTargetPlatform (93)
[2018.09.06-17.18.23:649][664]LogModuleManager: Shutting down and abandoning module AllDesktopTargetPlatform (91)
[2018.09.06-17.18.23:649][664]LogModuleManager: Shutting down and abandoning module InputCore (88)
[2018.09.06-17.18.23:649][664]LogModuleManager: Shutting down and abandoning module Settings (86)
[2018.09.06-17.18.23:649][664]LogModuleManager: Shutting down and abandoning module PhysXCooking (84)
[2018.09.06-17.18.23:649][664]LogModuleManager: Shutting down and abandoning module SteamVR (82)
[2018.09.06-17.18.23:649][664]LogModuleManager: Shutting down and abandoning module OculusHMD (80)
[2018.09.06-17.18.23:654][664]LogModuleManager: Shutting down and abandoning module ExampleDeviceProfileSelector (78)
[2018.09.06-17.18.23:654][664]LogModuleManager: Shutting down and abandoning module LauncherChunkInstaller (76)
[2018.09.06-17.18.23:654][664]LogModuleManager: Shutting down and abandoning module OnlineBlueprintSupport (74)
[2018.09.06-17.18.23:654][664]LogModuleManager: Shutting down and abandoning module OnlineSubsystem (70)
[2018.09.06-17.18.23:663][664]LogModuleManager: Shutting down and abandoning module XMPP (65)
[2018.09.06-17.18.23:678][664]LogModuleManager: Shutting down and abandoning module WebSockets (64)
[2018.09.06-17.18.23:712][664]LogModuleManager: Shutting down and abandoning module HTTP (61)
[2018.09.06-17.18.23:716][664]LogHttp: Display: Http module shutting down, but needs to wait on 1 outstanding Http requests:
[2018.09.06-17.18.23:716][664]LogHttp: Display: 	verb=[POST] url=[https://datarouter.ol.epicgames.com/datarouter/api/v1/public/data?SessionID=%7B79E3A9D5-4A0B-EE6F-01AE-26B79D58E4E1%7D&AppID=UEEditor.Rocket.Release&AppVersion=4.20.2-4302132%2B%2B%2BUE4%2BRelease-4.20&UserID=8e2aa7054ff140af9686829ad7fa4049%7C8e3fba790e36427e987cd9acdafc20df%7C22c1a877-faf8-4107-a90b-27c4d6d32cb5&AppEnvironment=datacollector-binary&UploadType=eteventstream] status=Processing
[2018.09.06-17.18.23:738][664]LogModuleManager: Shutting down and abandoning module SSL (60)
[2018.09.06-17.18.23:771][664]LogModuleManager: Shutting down and abandoning module MagicLeapEmulator (56)
[2018.09.06-17.18.23:771][664]LogModuleManager: Shutting down and abandoning module MagicLeapPrivileges (54)
[2018.09.06-17.18.23:771][664]LogModuleManager: Shutting down and abandoning module MagicLeapIdentity (52)
[2018.09.06-17.18.23:771][664]LogModuleManager: Shutting down and abandoning module MagicLeapHelperVulkan (50)
[2018.09.06-17.18.23:771][664]LogModuleManager: Shutting down and abandoning module MagicLeapHelperOpenGL (48)
[2018.09.06-17.18.23:771][664]LogModuleManager: Shutting down and abandoning module MagicLeapSecureStorage (46)
[2018.09.06-17.18.23:771][664]LogModuleManager: Shutting down and abandoning module MagicLeapGestures (44)
[2018.09.06-17.18.23:771][664]LogModuleManager: Shutting down and abandoning module MagicLeapEyeTracker (42)
[2018.09.06-17.18.23:771][664]LogModuleManager: Shutting down and abandoning module MagicLeapController (40)
[2018.09.06-17.18.23:771][664]LogSlate: Slate User Destroyed.  User Index 0, Is Virtual User: 0
[2018.09.06-17.18.23:771][664]LogModuleManager: Shutting down and abandoning module MagicLeap (38)
[2018.09.06-17.18.23:771][664]LogModuleManager: Shutting down and abandoning module AnimationModifiers (36)
[2018.09.06-17.18.23:804][664]LogModuleManager: Shutting down and abandoning module PropertyEditor (35)
[2018.09.06-17.18.23:814][664]LogModuleManager: Shutting down and abandoning module AudioEditor (32)
[2018.09.06-17.18.23:826][664]LogModuleManager: Shutting down and abandoning module TextureCompressor (30)
[2018.09.06-17.18.23:843][664]LogModuleManager: Shutting down and abandoning module ShaderCore (28)
[2018.09.06-17.18.23:843][664]LogModuleManager: Shutting down and abandoning module Landscape (26)
[2018.09.06-17.18.23:843][664]LogModuleManager: Shutting down and abandoning module SlateRHIRenderer (24)
[2018.09.06-17.18.23:901][664]LogModuleManager: Shutting down and abandoning module OpenGLDrv (22)
[2018.09.06-17.18.23:926][664]LogModuleManager: Shutting down and abandoning module D3D11RHI (20)
[2018.09.06-17.18.23:926][664]LogModuleManager: Shutting down and abandoning module AnimGraphRuntime (18)
[2018.09.06-17.18.23:937][664]LogModuleManager: Shutting down and abandoning module Renderer (16)
[2018.09.06-17.18.23:937][664]LogModuleManager: Shutting down and abandoning module Engine (14)
[2018.09.06-17.18.23:937][664]LogModuleManager: Shutting down and abandoning module CoreUObject (12)
[2018.09.06-17.18.23:937][664]LogModuleManager: Shutting down and abandoning module NetworkFile (10)
[2018.09.06-17.18.23:937][664]LogModuleManager: Shutting down and abandoning module CookedIterativeFile (8)
[2018.09.06-17.18.23:937][664]LogModuleManager: Shutting down and abandoning module StreamingFile (6)
[2018.09.06-17.18.23:937][664]LogModuleManager: Shutting down and abandoning module SandboxFile (4)
[2018.09.06-17.18.23:938][664]LogModuleManager: Shutting down and abandoning module PakFile (2)
[2018.09.06-17.18.23:966][664]LogExit: Exiting.
[2018.09.06-17.18.24:026][664]Log file closed, 09/06/18 12:18:24
