Log file open, 09/06/18 11:03:31
LogWindows: Failed to load 'aqProf.dll' (GetLastError=126)
LogWindows: File 'aqProf.dll' does not exist
LogWindows: Failed to load 'VtuneApi.dll' (GetLastError=126)
LogWindows: File 'VtuneApi.dll' does not exist
LogWindows: Failed to load 'VtuneApi32e.dll' (GetLastError=126)
LogWindows: File 'VtuneApi32e.dll' does not exist
LogInit: Display: Running engine for game: MyProject
LogPlatformFile: Not using cached read wrapper
LogTaskGraph: Started task graph with 5 named threads and 11 total threads with 3 sets of task threads.
LogStats: Stats thread started at 0.138107
LogD3D11RHI: Loaded GFSDK_Aftermath_Lib.x64.dll
LogICUInternationalization: Display: ICU TimeZone Detection - Raw Offset: -5:00, Platform Override: ''
LogPluginManager: Mounting plugin Paper2D
LogPluginManager: Mounting plugin AISupport
LogPluginManager: Mounting plugin LightPropagationVolume
LogPluginManager: Mounting plugin CLionSourceCodeAccess
LogPluginManager: Mounting plugin CodeLiteSourceCodeAccess
LogPluginManager: Mounting plugin GitSourceControl
LogPluginManager: Mounting plugin KDevelopSourceCodeAccess
LogPluginManager: Mounting plugin NullSourceCodeAccess
LogPluginManager: Mounting plugin PerforceSourceControl
LogPluginManager: Mounting plugin SubversionSourceControl
LogPluginManager: Mounting plugin UObjectPlugin
LogPluginManager: Mounting plugin VisualStudioCodeSourceCodeAccess
LogPluginManager: Mounting plugin VisualStudioSourceCodeAccess
LogPluginManager: Mounting plugin XCodeSourceCodeAccess
LogPluginManager: Mounting plugin AssetManagerEditor
LogPluginManager: Mounting plugin CryptoKeys
LogPluginManager: Mounting plugin DataValidation
LogPluginManager: Mounting plugin FacialAnimation
LogPluginManager: Mounting plugin GameplayTagsEditor
LogPluginManager: Mounting plugin MacGraphicsSwitching
LogPluginManager: Mounting plugin MeshEditor
LogPluginManager: Mounting plugin MobileLauncherProfileWizard
LogPluginManager: Mounting plugin PluginBrowser
LogPluginManager: Mounting plugin SpeedTreeImporter
LogPluginManager: Mounting plugin DatasmithContent
LogPluginManager: Mounting plugin AlembicImporter
LogPluginManager: Mounting plugin AppleImageUtils
LogPluginManager: Mounting plugin AppleVision
LogPluginManager: Mounting plugin BackChannel
LogPluginManager: Mounting plugin CharacterAI
LogPluginManager: Mounting plugin GeometryCache
LogPluginManager: Mounting plugin HTML5Networking
LogPluginManager: Mounting plugin ProxyLODPlugin
LogPluginManager: Mounting plugin MagicLeap
LogPluginManager: Mounting plugin MagicLeapEmulator
LogPluginManager: Mounting plugin MagicLeapMedia
LogPluginManager: Mounting plugin AndroidMedia
LogPluginManager: Mounting plugin AvfMedia
LogPluginManager: Mounting plugin ImgMedia
LogPluginManager: Mounting plugin LinearTimecode
LogPluginManager: Mounting plugin MediaCompositing
LogPluginManager: Mounting plugin MediaPlayerEditor
LogPluginManager: Mounting plugin WmfMedia
LogPluginManager: Mounting plugin TcpMessaging
LogPluginManager: Mounting plugin UdpMessaging
LogPluginManager: Mounting plugin ActorSequence
LogPluginManager: Mounting plugin LevelSequenceEditor
LogPluginManager: Mounting plugin MatineeToLevelSequence
LogPluginManager: Mounting plugin NetcodeUnitTest
LogPluginManager: Mounting plugin NUTUnrealEngine4
LogPluginManager: Mounting plugin OnlineSubsystemGooglePlay
LogPluginManager: Mounting plugin OnlineSubsystemIOS
LogPluginManager: Mounting plugin OnlineSubsystem
LogPluginManager: Mounting plugin OnlineSubsystemNull
LogPluginManager: Mounting plugin OnlineSubsystemUtils
LogPluginManager: Mounting plugin LauncherChunkInstaller
LogPluginManager: Mounting plugin AndroidDeviceProfileSelector
LogPluginManager: Mounting plugin AndroidMoviePlayer
LogPluginManager: Mounting plugin AndroidPermission
LogPluginManager: Mounting plugin AppleMoviePlayer
LogPluginManager: Mounting plugin ArchVisCharacter
LogPluginManager: Mounting plugin AudioCapture
LogPluginManager: Mounting plugin CableComponent
LogPluginManager: Mounting plugin CustomMeshComponent
LogPluginManager: Mounting plugin EditableMesh
LogPluginManager: Mounting plugin ExampleDeviceProfileSelector
LogPluginManager: Mounting plugin GoogleCloudMessaging
LogPluginManager: Mounting plugin ImmediatePhysics
LogPluginManager: Mounting plugin IOSDeviceProfileSelector
LogPluginManager: Mounting plugin LinuxDeviceProfileSelector
LogPluginManager: Mounting plugin LocationServicesBPLibrary
LogPluginManager: Mounting plugin MobilePatchingUtils
LogPluginManager: Mounting plugin OculusVR
LogPluginManager: Plugin shader directory ../../../Engine/Plugins/Runtime/Oculus/OculusVR/Shaders found
LogPluginManager: Mapping shader source directory ../../../Engine/Plugins/Runtime/Oculus/OculusVR/Shaders to virtual directory /Plugin/OculusVR
LogPluginManager: Mounting plugin PhysXVehicles
LogPluginManager: Mounting plugin ProceduralMeshComponent
LogPluginManager: Mounting plugin RuntimePhysXCooking
LogPluginManager: Mounting plugin SteamVR
LogPluginManager: Mounting plugin WindowsMoviePlayer
LogStreaming: Display: Took  0.087s to configure plugins.
LogInit: Using libcurl 7.55.1-DEV
LogInit:  - built for x86_64-pc-win32
LogInit:  - supports SSL with OpenSSL/1.0.2h
LogInit:  - supports HTTP deflate (compression) using libz 1.2.8
LogInit:  - other features:
LogInit:      CURL_VERSION_SSL
LogInit:      CURL_VERSION_LIBZ
LogInit:      CURL_VERSION_IPV6
LogInit:      CURL_VERSION_ASYNCHDNS
LogInit:      CURL_VERSION_LARGEFILE
LogInit:      CURL_VERSION_IDN
LogInit:  CurlRequestOptions (configurable via config and command line):
LogInit:  - bVerifyPeer = false  - Libcurl will NOT verify peer certificate
LogInit:  - bUseHttpProxy = false  - Libcurl will NOT use HTTP proxy
LogInit:  - bDontReuseConnections = false  - Libcurl will reuse connections
LogInit:  - CertBundlePath = nullptr  - Libcurl will use whatever was configured at build time.
LogInit:  - MaxHostConnections = 16  - Libcurl will limit the number of connections to a host
LogInit:  - LocalHostAddr = Default
LogInit:  - BufferSize = 65536
LogInit: WinSock: version 1.1 (2.2), MaxSocks=32767, MaxUdp=65467
LogInit: Build: ++UE4+Release-4.20-CL-4302132
LogInit: Engine Version: 4.20.2-4302132+++UE4+Release-4.20
LogInit: Compatible Engine Version: 4.20.0-4212847+++UE4+Release-4.20
LogInit: Net CL: 4212847
LogInit: OS: Windows 7 (Service Pack 1), CPU: Intel(R) Core(TM) i3-4170 CPU @ 3.70GHz, GPU: Intel(R) HD Graphics 4400
LogInit: Compiled (64-bit): Aug 21 2018 02:06:06
LogInit: Compiled with Visual C++: 19.13.26129.00
LogInit: Build Configuration: Development
LogInit: Branch Name: ++UE4+Release-4.20
LogInit: Command Line: 
LogInit: Base Directory: C:/Program Files/Epic Games/UE_4.20/Engine/Binaries/Win64/
LogInit: Installed Engine Build: 1
LogDevObjectVersion: Number of dev versions registered: 20
LogDevObjectVersion:   Dev-Blueprints (B0D832E4-1F89-4F0D-ACCF-7EB736FD4AA2): 10
LogDevObjectVersion:   Dev-Build (E1C64328-A22C-4D53-A36C-8E866417BD8C): 0
LogDevObjectVersion:   Dev-Core (375EC13C-06E4-48FB-B500-84F0262A717E): 2
LogDevObjectVersion:   Dev-Editor (E4B068ED-F494-42E9-A231-DA0B2E46BB41): 24
LogDevObjectVersion:   Dev-Framework (CFFC743F-43B0-4480-9391-14DF171D2073): 34
LogDevObjectVersion:   Dev-Mobile (B02B49B5-BB20-44E9-A304-32B752E40360): 2
LogDevObjectVersion:   Dev-Networking (A4E4105C-59A1-49B5-A7C5-40C4547EDFEE): 0
LogDevObjectVersion:   Dev-Online (39C831C9-5AE6-47DC-9A44-9C173E1C8E7C): 0
LogDevObjectVersion:   Dev-Physics (78F01B33-EBEA-4F98-B9B4-84EACCB95AA2): 0
LogDevObjectVersion:   Dev-Platform (6631380F-2D4D-43E0-8009-CF276956A95A): 0
LogDevObjectVersion:   Dev-Rendering (12F88B9F-8875-4AFC-A67C-D90C383ABD29): 26
LogDevObjectVersion:   Dev-Sequencer (7B5AE74C-D270-4C10-A958-57980B212A5A): 9
LogDevObjectVersion:   Dev-VR (D7296918-1DD6-4BDD-9DE2-64A83CC13884): 2
LogDevObjectVersion:   Dev-LoadTimes (C2A15278-BFE7-4AFE-6C17-90FF531DF755): 1
LogDevObjectVersion:   Private-Geometry (6EACA3D4-40EC-4CC1-B786-8BED09428FC5): 3
LogDevObjectVersion:   Dev-AnimPhys (29E575DD-E0A3-4627-9D10-D276232CDCEA): 17
LogDevObjectVersion:   Dev-ReflectionCapture (6B266CEC-1EC7-4B8F-A30B-E4D90942FC07): 1
LogDevObjectVersion:   Dev-Automation (0DF73D61-A23F-47EA-B727-89E90C41499A): 1
LogDevObjectVersion:   FortniteMain (601D1886-AC64-4F84-AA16-D3DE0DEAC7D6): 12
LogDevObjectVersion:   Dev-Enterprise (9DFFBCD6-494F-0158-E221-12823C92A888): 1
LogStreaming: Display: Took  0.000s to delete old logs.
LogInit: Presizing for max 8388607 objects, including 0 objects not considered by GC, pre-allocating 0 bytes for permanent pool.
LogInit: Object subsystem initialized
[2018.09.06-16.03.32:135][  0]LogInit: Selected Device Profile: [Windows]
[2018.09.06-16.03.32:135][  0]LogInit: Applying CVar settings loaded from the selected device profile: [Windows]
[2018.09.06-16.03.32:147][  0]LogHAL: Display: Platform has ~ 8 GB [8454623232 / 8589934592 / 8], which maps to Default [LargestMinGB=32, LargerMinGB=12, DefaultMinGB=8, SmallerMinGB=6, SmallestMinGB=0)
[2018.09.06-16.03.32:147][  0]LogInit: Setting Device Profile CVar: [[r.Vulkan.UseRealUBs:1]]
[2018.09.06-16.03.32:147][  0]LogInit: Going up to parent DeviceProfile []
[2018.09.06-16.03.32:148][  0]LogInit: Computer: USER-PC
[2018.09.06-16.03.32:148][  0]LogInit: User: User
[2018.09.06-16.03.32:148][  0]LogInit: CPU Page size=4096, Cores=2
[2018.09.06-16.03.32:148][  0]LogInit: High frequency timer resolution =3.604990 MHz
[2018.09.06-16.03.32:148][  0]LogMemory: Memory total: Physical=7.9GB (8GB approx)
[2018.09.06-16.03.32:148][  0]LogMemory: Platform Memory Stats for Windows
[2018.09.06-16.03.32:148][  0]LogMemory: Process Physical Memory: 101.10 MB used, 101.10 MB peak
[2018.09.06-16.03.32:148][  0]LogMemory: Process Virtual Memory: 86.57 MB used, 86.57 MB peak
[2018.09.06-16.03.32:148][  0]LogMemory: Physical Memory: 4122.65 MB used,  3940.30 MB free, 8062.96 MB total
[2018.09.06-16.03.32:148][  0]LogMemory: Virtual Memory: 469.39 MB used,  3940.30 MB free, 8388608.00 MB total
[2018.09.06-16.03.32:179][  0]LogInit: Using OS detected language (es-PE).
[2018.09.06-16.03.32:179][  0]LogInit: Using OS detected locale (es-PE).
[2018.09.06-16.03.32:179][  0]LogTextLocalizationManager: No specific localization for 'es-PE' exists, so the 'es' localization will be used.
[2018.09.06-16.03.32:515][  0]LogStreaming: Display: Took  0.336s to InitEngineTextLocalization.
[2018.09.06-16.03.32:516][  0]LogWindows: Failed to load 'shcore.dll' (GetLastError=126)
[2018.09.06-16.03.32:516][  0]LogWindows: File 'shcore.dll' does not exist
[2018.09.06-16.03.32:516][  0]LogInit: Setting process to DPI aware
[2018.09.06-16.03.32:541][  0]LogSlate: New Slate User Created.  User Index 0, Is Virtual User: 0
[2018.09.06-16.03.32:541][  0]LogSlate: Slate User Registered.  User Index 0, Is Virtual User: 0
[2018.09.06-16.03.32:987][  0]LogHMD: Failed to initialize OpenVR with code 110
[2018.09.06-16.03.32:987][  0]LogD3D11RHI: D3D11 adapters:
[2018.09.06-16.03.32:996][  0]LogD3D11RHI:    0. 'Intel(R) HD Graphics 4400' (Feature Level 11_0)
[2018.09.06-16.03.32:996][  0]LogD3D11RHI:       64/0/1632 MB DedicatedVideo/DedicatedSystem/SharedSystem, Outputs:1, VendorId:0x8086
[2018.09.06-16.03.32:996][  0]LogD3D11RHI: Chosen D3D11 Adapter: 0
[2018.09.06-16.03.33:001][  0]LogD3D11RHI: Creating new Direct3DDevice
[2018.09.06-16.03.33:001][  0]LogD3D11RHI:     GPU DeviceId: 0x41e (for the marketing name, search the web for "GPU Device Id")
[2018.09.06-16.03.33:001][  0]LogWindows: EnumDisplayDevices:
[2018.09.06-16.03.33:001][  0]LogWindows:    0. 'Intel(R) HD Graphics 4400' (P:1 D:1)
[2018.09.06-16.03.33:002][  0]LogWindows:    1. 'Intel(R) HD Graphics 4400' (P:0 D:0)
[2018.09.06-16.03.33:002][  0]LogWindows:    2. 'Intel(R) HD Graphics 4400' (P:0 D:0)
[2018.09.06-16.03.33:002][  0]LogWindows:    3. 'RDPDD Chained DD' (P:0 D:0)
[2018.09.06-16.03.33:002][  0]LogWindows:    4. 'RDP Encoder Mirror Driver' (P:0 D:0)
[2018.09.06-16.03.33:002][  0]LogWindows:    5. 'RDP Reflector Display Driver' (P:0 D:0)
[2018.09.06-16.03.33:002][  0]LogWindows: DebugString: GetVideoDriverDetailsInvalid PrimaryIsNotTheChoosenAdapter GetVideoDriverDetailsInvalid PrimaryIsNotTheChoosenAdapter GetVideoDriverDetailsInvalid PrimaryIsNotTheChoosenAdapter FoundDriverCount:3 
[2018.09.06-16.03.33:002][  0]LogD3D11RHI:     Adapter Name: Intel(R) HD Graphics 4400
[2018.09.06-16.03.33:002][  0]LogD3D11RHI:   Driver Version: 10.18.10.3262 (internal:10.18.10.3262, unified:10.18.10.3262)
[2018.09.06-16.03.33:002][  0]LogD3D11RHI:      Driver Date: 7-31-2013
[2018.09.06-16.03.33:002][  0]LogRHI: Texture pool is 616 MB (70% of 880 MB)
[2018.09.06-16.03.33:010][  0]LogD3D11RHI: Async texture creation enabled
[2018.09.06-16.03.33:018][  0]LogD3D11RHI: GPU Timing Frequency: 12.500000 (Debug: 2 0)
[2018.09.06-16.03.33:018][  0]LogShaderCompilers: Guid format shader working directory is -29 characters bigger than the processId version (E:/Universidad/octavo semestre/interacción humano computador/IHC/MyProject/Intermediate/Shaders/WorkingDirectory/7720/).
[2018.09.06-16.03.33:018][  0]LogShaderCompilers: Cleaned the shader compiler working directory 'C:/Users/User/AppData/Local/Temp/UnrealShaderWorkingDir/391451DB4FD5B216062EE5B9BA05E355/'.
[2018.09.06-16.03.33:303][  0]LogTemp: Display: Loaded TP AllDesktopTargetPlatform
[2018.09.06-16.03.33:322][  0]LogTemp: Display: Loaded TP MacClientTargetPlatform
[2018.09.06-16.03.33:340][  0]LogTemp: Display: Loaded TP MacNoEditorTargetPlatform
[2018.09.06-16.03.33:366][  0]LogTemp: Display: Loaded TP MacServerTargetPlatform
[2018.09.06-16.03.33:383][  0]LogTemp: Display: Loaded TP MacTargetPlatform
[2018.09.06-16.03.33:401][  0]LogTemp: Display: Loaded TP WindowsClientTargetPlatform
[2018.09.06-16.03.33:419][  0]LogTemp: Display: Loaded TP WindowsNoEditorTargetPlatform
[2018.09.06-16.03.33:439][  0]LogTemp: Display: Loaded TP WindowsServerTargetPlatform
[2018.09.06-16.03.33:446][  0]LogTemp: Display: Loaded TP WindowsTargetPlatform
[2018.09.06-16.03.33:571][  0]LogTemp: Display: Loaded TP AndroidTargetPlatform
[2018.09.06-16.03.33:571][  0]LogTemp: Display: Loaded TP AndroidTargetPlatform
[2018.09.06-16.03.33:571][  0]LogTemp: Display: Loaded TP AndroidTargetPlatform
[2018.09.06-16.03.33:571][  0]LogTemp: Display: Loaded TP AndroidTargetPlatform
[2018.09.06-16.03.33:571][  0]LogTemp: Display: Loaded TP AndroidTargetPlatform
[2018.09.06-16.03.33:571][  0]LogTemp: Display: Loaded TP AndroidTargetPlatform
[2018.09.06-16.03.33:571][  0]LogTemp: Display: Loaded TP AndroidTargetPlatform
[2018.09.06-16.03.33:571][  0]LogTemp: Display: Loaded TP AndroidTargetPlatform
[2018.09.06-16.03.33:571][  0]LogTemp: Display: Loaded TP AndroidTargetPlatform
[2018.09.06-16.03.33:571][  0]LogTemp: Display: Loaded TP AndroidTargetPlatform
[2018.09.06-16.03.33:571][  0]LogTemp: Display: Loaded TP AndroidTargetPlatform
[2018.09.06-16.03.33:571][  0]LogTemp: Display: Loaded TP AndroidTargetPlatform
[2018.09.06-16.03.33:571][  0]LogTemp: Display: Loaded TP AndroidTargetPlatform
[2018.09.06-16.03.33:571][  0]LogTemp: Display: Loaded TP AndroidTargetPlatform
[2018.09.06-16.03.33:571][  0]LogTemp: Display: Loaded TP AndroidTargetPlatform
[2018.09.06-16.03.33:571][  0]LogTemp: Display: Loaded TP AndroidTargetPlatform
[2018.09.06-16.03.33:571][  0]LogTemp: Display: Loaded TP AndroidTargetPlatform
[2018.09.06-16.03.33:571][  0]LogTemp: Display: Loaded TP AndroidTargetPlatform
[2018.09.06-16.03.33:573][  0]LogTemp: Display: Loaded TP HTML5TargetPlatform
[2018.09.06-16.03.33:636][  0]LogTemp: Display: Loaded TP IOSTargetPlatform
[2018.09.06-16.03.33:636][  0]LogTemp: Display: Loaded TP IOSTargetPlatform
[2018.09.06-16.03.33:659][  0]LogTemp: Display: Loaded TP TVOSTargetPlatform
[2018.09.06-16.03.33:659][  0]LogTemp: Display: Loaded TP TVOSTargetPlatform
[2018.09.06-16.03.33:676][  0]LogTemp: Display: Loaded TP LinuxClientTargetPlatform
[2018.09.06-16.03.33:689][  0]LogTemp: Display: Loaded TP LinuxNoEditorTargetPlatform
[2018.09.06-16.03.33:704][  0]LogTemp: Display: Loaded TP LinuxServerTargetPlatform
[2018.09.06-16.03.33:724][  0]LogTemp: Display: Loaded TP LinuxTargetPlatform
[2018.09.06-16.03.33:732][  0]LogTemp: Display: Loaded TP LuminTargetPlatform
[2018.09.06-16.03.33:732][  0]LogTargetPlatformManager: Display: Building Assets For Windows
[2018.09.06-16.03.33:798][  0]LogXGEController: Cleaning working directory: C:/Users/User/AppData/Local/Temp/UnrealXGEWorkingDir/
[2018.09.06-16.03.33:798][  0]LogXGEController: Cannot use XGE Controller as Incredibuild is not installed on this machine.
[2018.09.06-16.03.33:798][  0]LogShaderCompilers: Cannot use XGE Shader Compiler as Incredibuild is not installed on this machine.
[2018.09.06-16.03.33:798][  0]LogShaderCompilers: Display: Using Local Shader Compiler.
[2018.09.06-16.03.34:792][  0]LogDerivedDataCache: Display: Max Cache Size: 512 MB
[2018.09.06-16.03.34:866][  0]LogDerivedDataCache: Loaded boot cache 0.07s 72MB C:/Users/User/AppData/Local/UnrealEngine/4.20/DerivedDataCache/Boot.ddc.
[2018.09.06-16.03.34:866][  0]LogDerivedDataCache: Display: Loaded Boot cache: C:/Users/User/AppData/Local/UnrealEngine/4.20/DerivedDataCache/Boot.ddc
[2018.09.06-16.03.34:867][  0]LogDerivedDataCache: FDerivedDataBackendGraph:  Pak pak cache file E:/Universidad/octavo semestre/interacción humano computador/IHC/MyProject/DerivedDataCache/DDC.ddp not found, will not use a pak cache.
[2018.09.06-16.03.34:867][  0]LogDerivedDataCache: Unable to find inner node Pak for hierarchical cache Hierarchy.
[2018.09.06-16.03.34:867][  0]LogDerivedDataCache: FDerivedDataBackendGraph:  CompressedPak pak cache file E:/Universidad/octavo semestre/interacción humano computador/IHC/MyProject/DerivedDataCache/Compressed.ddp not found, will not use a pak cache.
[2018.09.06-16.03.34:867][  0]LogDerivedDataCache: Unable to find inner node CompressedPak for hierarchical cache Hierarchy.
[2018.09.06-16.03.34:880][  0]LogDerivedDataCache: Display: Pak cache opened for reading ../../../Engine/DerivedDataCache/Compressed.ddp.
[2018.09.06-16.03.34:894][  0]LogDerivedDataCache: Using Local data cache path C:/Users/User/AppData/Local/UnrealEngine/Common/DerivedDataCache: Writable
[2018.09.06-16.03.34:894][  0]LogDerivedDataCache: Shared data cache path not found in *engine.ini, will not use an Shared cache.
[2018.09.06-16.03.34:894][  0]LogDerivedDataCache: Unable to find inner node Shared for hierarchical cache Hierarchy.
[2018.09.06-16.03.34:914][  0]LogMaterial: Verifying Global Shaders for PCD3D_SM5
[2018.09.06-16.03.34:916][  0]LogSlate: Using FreeType 2.6.0
[2018.09.06-16.03.34:917][  0]LogSlate: SlateFontServices - WITH_FREETYPE: 1, WITH_HARFBUZZ: 1
[2018.09.06-16.03.35:042][  0]LogAssetRegistry: FAssetRegistry took 0.0235 seconds to start up
[2018.09.06-16.03.35:391][  0]LogInit: Selected Device Profile: [Windows]
[2018.09.06-16.03.35:540][  0]LogSimplygon: Simplygon DLL not present - disabling.
[2018.09.06-16.03.35:543][  0]LogMeshReduction: Using SimplygonSwarm for distributed automatic mesh merging
[2018.09.06-16.03.35:543][  0]LogMeshReduction: Using ProxyLODMeshReduction for automatic mesh merging
[2018.09.06-16.03.35:543][  0]LogMeshReduction: Using QuadricMeshReduction for automatic static mesh reduction
[2018.09.06-16.03.35:543][  0]LogMeshReduction: No automatic skeletal mesh reduction module available
[2018.09.06-16.03.35:564][  0]LogNetVersion: MyProject 1.0.0, NetCL: 4212847, EngineNetVer: 5, GameNetVer: 0 (Checksum: 1110078900)
[2018.09.06-16.03.36:285][  0]LogPackageLocalizationCache: Processed 11 localized package path(s) for 2 prioritized culture(s) in 0.099765 seconds
[2018.09.06-16.03.36:292][  0]LogUObjectArray: 38425 objects as part of root set at end of initial load.
[2018.09.06-16.03.36:292][  0]LogUObjectAllocator: 6690872 out of 0 bytes used by permanent object pool.
[2018.09.06-16.03.36:292][  0]LogUObjectArray: CloseDisregardForGC: 0/0 objects in disregard for GC pool
[2018.09.06-16.03.37:874][  0]LogTcpMessaging: Initializing TcpMessaging bridge
[2018.09.06-16.03.37:887][  0]LogUdpMessaging: Initializing bridge on interface 0.0.0.0:0 to multicast group 230.0.0.1:6666.
[2018.09.06-16.03.38:070][  0]SourceControl: El control de código fuente está desactivado
[2018.09.06-16.03.38:070][  0]SourceControl: El control de código fuente está desactivado
[2018.09.06-16.03.38:071][  0]SourceControl: El control de código fuente está desactivado
[2018.09.06-16.03.38:072][  0]SourceControl: El control de código fuente está desactivado
[2018.09.06-16.03.38:250][  0]LogAndroidPermission: UAndroidPermissionCallbackProxy::GetInstance
[2018.09.06-16.03.38:319][  0]LogOcInput: OculusInput pre-init called
[2018.09.06-16.03.38:389][  0]LogEngine: Initializing Engine...
[2018.09.06-16.03.38:390][  0]LogHMD: Failed to initialize OpenVR with code 110
[2018.09.06-16.03.38:393][  0]LogStats: UGameplayTagsManager::ConstructGameplayTagTree: ImportINI prefixes -  0.000 s
[2018.09.06-16.03.38:393][  0]LogStats: UGameplayTagsManager::ConstructGameplayTagTree: Construct from data asset -  0.000 s
[2018.09.06-16.03.38:393][  0]LogStats: UGameplayTagsManager::ConstructGameplayTagTree: ImportINI -  0.000 s
[2018.09.06-16.03.38:393][  0]LogStats: UGameplayTagsManager::ConstructGameplayTagTree: GameplayTagTreeChangedEvent.Broadcast -  0.000 s
[2018.09.06-16.03.38:706][  0]LogInit: Initializing FReadOnlyCVARCache
[2018.09.06-16.03.38:746][  0]LogAIModule: Creating AISystem for world Untitled
[2018.09.06-16.03.38:790][  0]LogInit: XAudio2 using 'Altavoces (Realtek High Definition Audio)' : 2 channels at 48 kHz using 32 bits per sample (channel mask 0x3)
[2018.09.06-16.03.38:822][  0]LogInit: FAudioDevice initialized.
[2018.09.06-16.03.38:822][  0]LogNetVersion: Set ProjectVersion to 1.0.0.0. Version Checksum will be recalculated on next use.
[2018.09.06-16.03.38:977][  0]LogDerivedDataCache: Saved boot cache 0.15s 72MB C:/Users/User/AppData/Local/UnrealEngine/4.20/DerivedDataCache/Boot.ddc.
[2018.09.06-16.03.38:979][  0]LogInit: Texture streaming: Enabled
[2018.09.06-16.03.39:001][  0]LogEngineSessionManager: EngineSessionManager initialized
[2018.09.06-16.03.39:001][  0]LogEngineSessionManager: EngineSessionManager sent abnormal shutdown report. Type=Crashed, SessionId={5450B4AA-49D1-6FBE-E648-D28F7C08A7AF}
[2018.09.06-16.03.39:014][  0]LogInit: Transaction tracking system initialized
[2018.09.06-16.03.39:041][  0]BlueprintLog: New page: Cargar el editor
[2018.09.06-16.03.39:174][  0]LocalizationService: Localization service is disabled
[2018.09.06-16.03.39:579][  0]LogCook: Display: Max memory allowance for cook 16384mb min free memory 0mb
[2018.09.06-16.03.39:579][  0]LogCook: Display: Mobile HDR setting 1
[2018.09.06-16.03.39:579][  0]LogGameplayTags: Display: UGameplayTagsManager::DoneAddingNativeTags. DelegateIsBound: 0
[2018.09.06-16.03.39:579][  0]LogStats: UGameplayTagsManager::ConstructGameplayTagTree: ImportINI prefixes -  0.000 s
[2018.09.06-16.03.39:579][  0]LogStats: UGameplayTagsManager::ConstructGameplayTagTree: Construct from data asset -  0.000 s
[2018.09.06-16.03.39:579][  0]LogStats: UGameplayTagsManager::ConstructGameplayTagTree: ImportINI -  0.000 s
[2018.09.06-16.03.39:579][  0]LogStats: UGameplayTagsManager::ConstructGameplayTagTree: GameplayTagTreeChangedEvent.Broadcast -  0.000 s
[2018.09.06-16.03.39:637][  0]LogFileCache: Scanning file cache for directory 'E:/Universidad/octavo semestre/interacción humano computador/IHC/MyProject/Content/' took 0.01s
[2018.09.06-16.03.39:718][  0]SourceControl: El control de código fuente está desactivado
[2018.09.06-16.03.39:718][  0]Cmd: MAP LOAD FILE="E:/Universidad/octavo semestre/interacción humano computador/IHC/MyProject/Content/VirtualRealityBP/Maps/StartupMap.umap" TEMPLATE=0 SHOWPROGRESS=1 FEATURELEVEL=3
[2018.09.06-16.03.39:718][  0]LightingResults: New page: Diseñar la iluminación
[2018.09.06-16.03.39:721][  0]MapCheck: New page: Revisión del mapa
[2018.09.06-16.03.39:721][  0]LightingResults: New page: Diseñar la iluminación
[2018.09.06-16.03.40:097][  0]LogAIModule: Creating AISystem for world StartupMap
[2018.09.06-16.03.40:938][  0]LogEditorServer: Finished looking for orphan Actors (0.000 secs)
[2018.09.06-16.03.40:958][  0]Cmd: MAP CHECKDEP NOCLEARLOG
[2018.09.06-16.03.41:056][  0]MapCheck: Map check complete: 0 Error(s), 0 Warning(s), took 98.004ms to complete.
[2018.09.06-16.03.41:056][  0]LogFileHelpers: Loading map 'StartupMap' took 1.338
[2018.09.06-16.03.41:136][  0]LogSlate: Updating window title bar state: overlay mode, drag disabled, window buttons hidden, title bar hidden
[2018.09.06-16.03.41:139][  0]LogSlate: Updating window title bar state: overlay mode, drag disabled, window buttons hidden, title bar hidden
[2018.09.06-16.03.41:151][  0]LogSlate: Updating window title bar state: overlay mode, drag disabled, window buttons hidden, title bar hidden
[2018.09.06-16.03.41:157][  0]LogSlate: Updating window title bar state: overlay mode, drag disabled, window buttons hidden, title bar hidden
[2018.09.06-16.03.41:162][  0]LogCollectionManager: Loaded 0 collections in 0.000950 seconds
[2018.09.06-16.03.41:197][  0]LogFileCache: Scanning file cache for directory 'E:/Universidad/octavo semestre/interacción humano computador/IHC/MyProject/Saved/Collections/' took 0.01s
[2018.09.06-16.03.41:197][  0]LogFileCache: Scanning file cache for directory 'E:/Universidad/octavo semestre/interacción humano computador/IHC/MyProject/Content/Developers/User/Collections/' took 0.01s
[2018.09.06-16.03.41:198][  0]LogFileCache: Scanning file cache for directory 'E:/Universidad/octavo semestre/interacción humano computador/IHC/MyProject/Content/Collections/' took 0.01s
[2018.09.06-16.03.41:198][  0]LogCollectionManager: Rebuilt the GUID cache for 0 collections in 0.000000 seconds
[2018.09.06-16.03.41:206][  0]LogContentBrowser: Native class hierarchy populated in 0.0083 seconds. Added 2572 classes and 603 folders.
[2018.09.06-16.03.41:211][  0]LogContentBrowser: Native class hierarchy updated for 'WidgetCarousel' in 0.0002 seconds. Added 0 classes and 0 folders.
[2018.09.06-16.03.41:250][  0]LogContentBrowser: Native class hierarchy updated for 'AddContentDialog' in 0.0002 seconds. Added 0 classes and 0 folders.
[2018.09.06-16.03.41:256][  0]LogContentBrowser: Native class hierarchy updated for 'SceneOutliner' in 0.0003 seconds. Added 1 classes and 2 folders.
[2018.09.06-16.03.41:267][  0]LogSlate: Took 0.000505 seconds to synchronously load lazily loaded font '../../../Engine/Content/Slate/Fonts/Roboto-Regular.ttf' (155K)
[2018.09.06-16.03.41:269][  0]LogSlate: Took 0.000807 seconds to synchronously load lazily loaded font '../../../Engine/Content/Slate/Fonts/Roboto-Bold.ttf' (160K)
[2018.09.06-16.03.41:275][  0]LogSlate: Took 0.000558 seconds to synchronously load lazily loaded font '../../../Engine/Content/Editor/Slate/Fonts/FontAwesome.ttf' (139K)
[2018.09.06-16.03.41:309][  0]LogSlate: Took 0.000502 seconds to synchronously load lazily loaded font '../../../Engine/Content/Slate/Fonts/Roboto-Light.ttf' (167K)
[2018.09.06-16.03.41:483][  0]LogContentBrowser: Native class hierarchy updated for 'HierarchicalLODOutliner' in 0.0003 seconds. Added 0 classes and 0 folders.
[2018.09.06-16.03.41:484][  0]LogLoad: (Engine Initialization) Total time: 10.59 seconds
[2018.09.06-16.03.41:484][  0]LogLoad: (Engine Initialization) Total Blueprint compile time: 0.00 seconds
[2018.09.06-16.03.41:547][  0]LogContentStreaming: Texture pool size now 1000 MB
[2018.09.06-16.03.41:629][  1]LogAssetRegistry: Asset discovery search completed in 6.6068 seconds
[2018.09.06-16.03.41:630][  1]LogCollectionManager: Rebuilt the object cache for 0 collections in 0.000000 seconds (found 0 objects)
[2018.09.06-16.03.41:630][  1]LogCollectionManager: Fixed up redirectors for 0 collections in 0.000047 seconds (updated 0 objects)
[2018.09.06-16.03.42:455][  2]LogRenderer: Reallocating scene render targets to support 856x284 Format 26 NumSamples 1 (Frame:1).
[2018.09.06-16.05.45:361][517]LogSlate: FSceneViewport::OnFocusLost() reason 2
[2018.09.06-16.05.51:863][206]LogUObjectGlobals: Warning: Error al encontrar el objeto 'Object Ninguno.'
[2018.09.06-16.05.51:863][206]LogUObjectGlobals: Warning: Error al encontrar el objeto 'Object Ninguno.'
[2018.09.06-16.05.53:438][379]LogSlate: Took 0.000218 seconds to synchronously load lazily loaded font '../../../Engine/Content/Slate/Fonts/Roboto-Light.ttf' (167K)
[2018.09.06-16.06.01:344][ 15]LogEditorViewport: Clicking Background
[2018.09.06-16.06.02:655][ 56]LogSlate: FSceneViewport::OnFocusLost() reason 0
[2018.09.06-16.56.14:458][905]LogSlate: Window 'Nivel nuevo' being destroyed
[2018.09.06-16.56.14:490][905]Cmd: MAP LOAD FILE="../../../Engine/Content/Maps/Templates/VR-Basic.umap" TEMPLATE=1 SHOWPROGRESS=1 FEATURELEVEL=3
[2018.09.06-16.56.14:553][905]LightingResults: New page: Diseñar la iluminación
[2018.09.06-16.56.14:554][905]LoadErrors: New page: Cargando mapa: VR-Basic.umap
[2018.09.06-16.56.14:569][905]MapCheck: New page: Revisión del mapa
[2018.09.06-16.56.14:570][905]LightingResults: New page: Diseñar la iluminación
[2018.09.06-16.56.15:191][905]LogMaterial: Display: Missing cached shader map for material M_Floor_01, compiling. 
[2018.09.06-16.56.15:399][905]LogShaderCompilers: Display: Shaders left to compile 31
[2018.09.06-16.56.15:399][905]LogShaderCompilers: Display: Shaders left to compile 21
[2018.09.06-16.56.15:399][905]LogShaderCompilers: Display: Shaders left to compile 11
[2018.09.06-16.56.15:399][905]LogMaterial: Display: Missing cached shader map for material M_Sky_Panning_Clouds2, compiling. 
[2018.09.06-16.56.16:475][905]LogAIModule: Creating AISystem for world Untitled_1
[2018.09.06-16.56.16:621][905]LogEditorServer: Finished looking for orphan Actors (0.000 secs)
[2018.09.06-16.56.16:691][905]Cmd: MAP CHECKDEP NOCLEARLOG
[2018.09.06-16.56.21:041][905]LogShaderCompilers: Display: Shaders left to compile 6
[2018.09.06-16.56.21:041][905]MapCheck: Map check complete: 0 Error(s), 0 Warning(s), took 4,349.889ms to complete.
[2018.09.06-16.56.21:041][905]LogFileHelpers: Loading map 'VR-Basic' took 6.553
[2018.09.06-16.56.36:521][479]LogSlate: FSceneViewport::OnFocusLost() reason 2
[2018.09.06-16.56.52:811][328]LogEditorActor: Deleted Actor: StaticMeshActor
[2018.09.06-16.56.52:812][328]LogEditorActor: Deleted Actor: StaticMeshActor
[2018.09.06-16.56.52:814][328]LogEditorActor: Deleted Actor: StaticMeshActor
[2018.09.06-16.56.52:815][328]LogEditorActor: Deleted Actor: StaticMeshActor
[2018.09.06-16.56.52:817][328]LogEditorActor: Deleted Actor: StaticMeshActor
[2018.09.06-16.56.52:817][328]LogEditorActor: Deleted Actor: StaticMeshActor
[2018.09.06-16.56.52:819][328]LogEditorActor: Deleted Actor: StaticMeshActor
[2018.09.06-16.56.52:820][328]LogEditorActor: Deleted Actor: StaticMeshActor
[2018.09.06-16.56.52:821][328]LogEditorActor: Deleted Actor: StaticMeshActor
[2018.09.06-16.56.52:822][328]LogEditorActor: Deleted Actor: StaticMeshActor
[2018.09.06-16.56.52:824][328]LogEditorActor: Deleted Actor: StaticMeshActor
[2018.09.06-16.56.52:825][328]LogEditorActor: Deleted Actor: StaticMeshActor
[2018.09.06-16.56.52:826][328]LogEditorActor: Deleted Actor: StaticMeshActor
[2018.09.06-16.56.52:826][328]LogEditorActor: Deleted Actor: StaticMeshActor
[2018.09.06-16.56.52:857][328]LogEditorActor: Deleted 14 Actors (0.056 secs)
[2018.09.06-16.57.03:789][771]LogEditorActor: Deleted Actor: PlayerStart
[2018.09.06-16.57.03:823][771]LogEditorActor: Deleted 1 Actors (0.039 secs)
[2018.09.06-16.57.07:796][927]LogEditorActor: Deleted Actor: StaticMeshActor
[2018.09.06-16.57.07:828][927]LogEditorActor: Deleted 1 Actors (0.036 secs)
[2018.09.06-16.57.17:010][327]LogSlate: FSceneViewport::OnFocusLost() reason 0
[2018.09.06-16.57.23:304][649]LogEditorActor: Deleted Actor: StaticMeshActor
[2018.09.06-16.57.23:339][649]LogEditorActor: Deleted 1 Actors (0.040 secs)
[2018.09.06-16.57.30:623][913]LogTexture: Display: Building textures: Texture2D_2 (G8, 128X128)
[2018.09.06-16.57.36:721][157]LogSlate: FSceneViewport::OnFocusLost() reason 2
[2018.09.06-16.57.41:546][524]LogSlate: FSceneViewport::OnFocusLost() reason 0
[2018.09.06-16.59.09:537][ 82]LogSlate: FSceneViewport::OnFocusLost() reason 0
[2018.09.06-16.59.28:667][853]LogSlate: FSceneViewport::OnFocusLost() reason 0
[2018.09.06-16.59.34:165][182]LogTexture: Display: Building textures: Texture2D_0 (BGRA8, 512X512)
[2018.09.06-16.59.34:183][182]LogTexture: Display: Building textures: Texture2D_1 (BGRA8, 512X512)
[2018.09.06-16.59.34:194][182]LogTexture: Display: Building textures: Texture2D_2 (BGRA8, 512X512)
[2018.09.06-16.59.34:204][182]LogTexture: Display: Building textures: Texture2D_3 (BGRA8, 512X512)
[2018.09.06-16.59.34:214][182]LogTexture: Display: Building textures: Texture2D_4 (BGRA8, 512X512)
[2018.09.06-16.59.34:224][182]LogTexture: Display: Building textures: Texture2D_5 (BGRA8, 512X512)
[2018.09.06-16.59.34:235][182]LogTexture: Display: Building textures: Texture2D_6 (BGRA8, 512X512)
[2018.09.06-16.59.34:245][182]LogTexture: Display: Building textures: Texture2D_7 (BGRA8, 512X512)
[2018.09.06-16.59.34:255][182]LogTexture: Display: Building textures: Texture2D_8 (BGRA8, 512X512)
[2018.09.06-16.59.34:266][182]LogTexture: Display: Building textures: Texture2D_9 (BGRA8, 512X512)
[2018.09.06-16.59.34:276][182]LogTexture: Display: Building textures: Texture2D_10 (BGRA8, 512X512)
[2018.09.06-16.59.34:286][182]LogTexture: Display: Building textures: Texture2D_11 (BGRA8, 512X512)
[2018.09.06-16.59.34:295][182]LogTexture: Display: Building textures: Texture2D_12 (BGRA8, 512X512)
[2018.09.06-16.59.34:305][182]LogTexture: Display: Building textures: Texture2D_13 (BGRA8, 512X512)
[2018.09.06-16.59.34:315][182]LogTexture: Display: Building textures: Texture2D_14 (BGRA8, 512X512)
[2018.09.06-16.59.34:325][182]LogTexture: Display: Building textures: Texture2D_15 (BGRA8, 512X512)
[2018.09.06-16.59.43:170][439]LogSlate: FSceneViewport::OnFocusLost() reason 0
[2018.09.06-16.59.43:262][444]LogTemp: Repeating last play command: Selected Viewport
[2018.09.06-16.59.43:379][444]LogPlayLevel: PlayLevel: No blueprints needed recompiling
[2018.09.06-16.59.43:441][444]PIE: New page: Sesión PIE (reproducción en el editor): Untitled_1 (6/9/2018 6:59:43)
[2018.09.06-16.59.43:441][444]LogPlayLevel: Creating play world package: /Temp/UEDPIE_0_Untitled_1
[2018.09.06-16.59.43:671][444]LogPlayLevel: PIE: StaticDuplicateObject took: (0.229478s)
[2018.09.06-16.59.43:672][444]LogAIModule: Creating AISystem for world Untitled_1
[2018.09.06-16.59.43:678][444]LogPlayLevel: PIE: World Init took: (0.007476s)
[2018.09.06-16.59.43:687][444]LogPlayLevel: PIE: Created PIE world by copying editor world from /Temp/Untitled_1.Untitled_1 to /Temp/UEDPIE_0_Untitled_1.Untitled_1 (0.246385s)
[2018.09.06-16.59.43:804][444]LogInit: XAudio2 using 'Altavoces (Realtek High Definition Audio)' : 2 channels at 48 kHz using 32 bits per sample (channel mask 0x3)
[2018.09.06-16.59.43:819][444]LogInit: FAudioDevice initialized.
[2018.09.06-16.59.43:911][444]LogUObjectGlobals: Warning: Error al encontrar el objeto 'Class Ninguno.'
[2018.09.06-16.59.43:912][444]LogLoad: Game class is 'GameModeBase'
[2018.09.06-16.59.43:978][444]LogWorld: Bringing World /Temp/UEDPIE_0_Untitled_1.Untitled_1 up for play (max tick rate 0) at 2018.09.06-11.59.43
[2018.09.06-16.59.44:002][444]LogWorld: Bringing up level for play took: 0.069849
[2018.09.06-16.59.44:136][444]LogContentBrowser: Native class hierarchy updated for 'MovieSceneCapture' in 0.0011 seconds. Added 10 classes and 0 folders.
[2018.09.06-16.59.44:178][444]PIE: Tiempo de inicio de la reproducción en el editor para  /Temp/UEDPIE_0_Untitled_1 0.62
[2018.09.06-16.59.56:827][ 22]LogSlate: Updating window title bar state: overlay mode, drag disabled, window buttons hidden, title bar hidden
[2018.09.06-16.59.56:888][ 22]LogPlayLevel: Display: Shutting down PIE online subsystems
[2018.09.06-16.59.56:916][ 22]LogSlate: Updating window title bar state: overlay mode, drag disabled, window buttons hidden, title bar hidden
[2018.09.06-16.59.56:938][ 23]LogPlayLevel: Display: Destroying online subsystem :Context_2
[2018.09.06-17.00.04:791][306]LogSlate: FSceneViewport::OnFocusLost() reason 2
[2018.09.06-17.00.07:654][409]MapCheck: New page: Revisión del mapa
[2018.09.06-17.00.07:681][409]LightingResults: New page: Diseño de la iluminación - 6/9/2018 7:00:07
[2018.09.06-17.00.07:682][409]LogStaticLightingSystem: Warning: WorldSettings.bForceNoPrecomputedLighting is true, Skipping Lighting Build!
[2018.09.06-17.00.07:872][409]LogStaticLightingSystem: Warning: Failed to build lighting!!! Error en el diseño de la iluminación.
[2018.09.06-17.00.07:892][409]LogEditorBuildUtils: Build time 0:00
[2018.09.06-17.00.13:708][614]LogSlate: FSceneViewport::OnFocusLost() reason 2
[2018.09.06-17.00.14:605][645]MapCheck: New page: Revisión del mapa
[2018.09.06-17.00.14:611][645]LogSlate: FSceneViewport::OnFocusLost() reason 2
[2018.09.06-17.00.14:638][645]LightingResults: New page: Diseño de la iluminación - 6/9/2018 7:00:14
[2018.09.06-17.00.14:638][645]LogStaticLightingSystem: Warning: WorldSettings.bForceNoPrecomputedLighting is true, Skipping Lighting Build!
[2018.09.06-17.00.14:715][645]LogStaticLightingSystem: Warning: Failed to build lighting!!! Error en el diseño de la iluminación.
[2018.09.06-17.00.14:736][645]LogEditorBuildUtils: Build time 0:00
[2018.09.06-17.00.16:311][695]LogSlate: FSceneViewport::OnFocusLost() reason 0
[2018.09.06-17.00.49:644][883]LogSlate: FSceneViewport::OnFocusLost() reason 0
[2018.09.06-17.01.05:708][480]LogUObjectGlobals: Warning: Error al encontrar el objeto 'Object Ninguno.'
[2018.09.06-17.01.05:708][480]LogUObjectGlobals: Warning: Error al encontrar el objeto 'Object Ninguno.'
[2018.09.06-17.01.09:026][595]LogAssetEditorManager: Opening Asset editor for LevelScriptBlueprint /Temp/Untitled_1.Untitled_1:PersistentLevel.Untitled
[2018.09.06-17.01.10:233][595]LogContentBrowser: Native class hierarchy updated for 'BlueprintGraph' in 0.0022 seconds. Added 116 classes and 0 folders.
[2018.09.06-17.01.11:524][595]LogSlate: Took 0.014068 seconds to synchronously load lazily loaded font '../../../Engine/Content/Slate/Fonts/Roboto-BoldCondensed.ttf' (158K)
[2018.09.06-17.01.14:706][698]LogSlate: Took 0.002331 seconds to synchronously load lazily loaded font '../../../Engine/Content/Slate/Fonts/Roboto-Italic.ttf' (157K)
[2018.09.06-17.01.42:080][520]LogSlate: Window 'Guardar nivel como' being destroyed
[2018.09.06-17.01.55:342][606]LogSlate: Window 'Guardar nivel como' being destroyed
[2018.09.06-17.01.57:780][606]LogSavePackage: Moving 'E:/Universidad/octavo semestre/interacción humano computador/IHC/MyProject/Saved/mar_inicio40A663BC47AD7F7D4E0D09B28AC22FA5.tmp' to 'E:/Universidad/octavo semestre/interacción humano computador/IHC/MyProject/Content/Maps/mar_inicio.umap'
[2018.09.06-17.01.57:807][606]LogFileHelpers: Saving map 'mar_inicio' took 2.447
[2018.09.06-17.01.57:813][606]Cmd: OBJ SAVEPACKAGE PACKAGE="/Game/Maps/mar_inicio_BuiltData" FILE="E:/Universidad/octavo semestre/interacción humano computador/IHC/MyProject/Content/Maps/mar_inicio_BuiltData.uasset" SILENT=true
[2018.09.06-17.01.57:817][606]LogSavePackage: Moving 'E:/Universidad/octavo semestre/interacción humano computador/IHC/MyProject/Saved/mar_inicio_BuiltData9058CE9948690E776BD8E2BEDCB6B17B.tmp' to 'E:/Universidad/octavo semestre/interacción humano computador/IHC/MyProject/Content/Maps/mar_inicio_BuiltData.uasset'
[2018.09.06-17.01.59:725][664]LogSlate: Window 'mar_inicio - Editor del Blueprint del nivel' being destroyed
[2018.09.06-17.01.59:726][664]LogSlate: Window 'mar_inicio - Editor del Blueprint del nivel' being destroyed
[2018.09.06-17.02.00:942][701]LogTemp: Repeating last play command: Selected Viewport
[2018.09.06-17.02.01:000][701]LogBlueprintUserMessages: Early PlayInEditor Detection: Level '/Game/Maps/mar_inicio.mar_inicio:PersistentLevel' has LevelScriptBlueprint '/Game/Maps/mar_inicio.mar_inicio:PersistentLevel.mar_inicio' with GeneratedClass '/Game/Maps/mar_inicio.mar_inicio_C' with ClassGeneratedBy '/Game/Maps/mar_inicio.mar_inicio:PersistentLevel.mar_inicio'
[2018.09.06-17.02.01:000][701]LogPlayLevel: PlayLevel: No blueprints needed recompiling
[2018.09.06-17.02.01:000][701]PIE: New page: Sesión PIE (reproducción en el editor): mar_inicio (6/9/2018 7:02:01)
[2018.09.06-17.02.01:001][701]LogPlayLevel: Creating play world package: /Game/Maps/UEDPIE_0_mar_inicio
[2018.09.06-17.02.01:125][701]LogPlayLevel: PIE: StaticDuplicateObject took: (0.124467s)
[2018.09.06-17.02.01:126][701]LogAIModule: Creating AISystem for world mar_inicio
[2018.09.06-17.02.01:126][701]LogPlayLevel: PIE: World Init took: (0.001028s)
[2018.09.06-17.02.01:126][701]LogPlayLevel: PIE: Created PIE world by copying editor world from /Game/Maps/mar_inicio.mar_inicio to /Game/Maps/UEDPIE_0_mar_inicio.mar_inicio (0.125663s)
[2018.09.06-17.02.01:163][701]LogInit: XAudio2 using 'Altavoces (Realtek High Definition Audio)' : 2 channels at 48 kHz using 32 bits per sample (channel mask 0x3)
[2018.09.06-17.02.01:169][701]LogInit: FAudioDevice initialized.
[2018.09.06-17.02.01:200][701]LogUObjectGlobals: Warning: Error al encontrar el objeto 'Class Ninguno.'
[2018.09.06-17.02.01:200][701]LogLoad: Game class is 'GameModeBase'
[2018.09.06-17.02.01:229][701]LogWorld: Bringing World /Game/Maps/UEDPIE_0_mar_inicio.mar_inicio up for play (max tick rate 0) at 2018.09.06-12.02.01
[2018.09.06-17.02.01:229][701]LogWorld: Bringing up level for play took: 0.029215
[2018.09.06-17.02.01:255][701]PIE: Tiempo de inicio de la reproducción en el editor para  /Game/Maps/UEDPIE_0_mar_inicio -0.305
[2018.09.06-17.02.01:255][701]LogBlueprintUserMessages: Late PlayInEditor Detection: Level '/Game/Maps/mar_inicio.mar_inicio:PersistentLevel' has LevelScriptBlueprint '/Game/Maps/mar_inicio.mar_inicio:PersistentLevel.mar_inicio' with GeneratedClass '/Game/Maps/mar_inicio.mar_inicio_C' with ClassGeneratedBy '/Game/Maps/mar_inicio.mar_inicio:PersistentLevel.mar_inicio'
[2018.09.06-17.02.08:817][ 35]LogBlueprintUserMessages: Early EndPlayMap Detection: Level '/Game/Maps/mar_inicio.mar_inicio:PersistentLevel' has LevelScriptBlueprint '/Game/Maps/mar_inicio.mar_inicio:PersistentLevel.mar_inicio' with GeneratedClass '/Game/Maps/mar_inicio.mar_inicio_C' with ClassGeneratedBy '/Game/Maps/mar_inicio.mar_inicio:PersistentLevel.mar_inicio'
[2018.09.06-17.02.08:817][ 35]LogSlate: Updating window title bar state: overlay mode, drag disabled, window buttons hidden, title bar hidden
[2018.09.06-17.02.08:884][ 35]LogPlayLevel: Display: Shutting down PIE online subsystems
[2018.09.06-17.02.08:885][ 35]LogBlueprintUserMessages: Late EndPlayMap Detection: Level '/Game/Maps/mar_inicio.mar_inicio:PersistentLevel' has LevelScriptBlueprint '/Game/Maps/mar_inicio.mar_inicio:PersistentLevel.mar_inicio' with GeneratedClass '/Game/Maps/mar_inicio.mar_inicio_C' with ClassGeneratedBy '/Game/Maps/mar_inicio.mar_inicio:PersistentLevel.mar_inicio'
[2018.09.06-17.02.08:918][ 35]LogSlate: Updating window title bar state: overlay mode, drag disabled, window buttons hidden, title bar hidden
[2018.09.06-17.02.08:942][ 36]LogPlayLevel: Display: Destroying online subsystem :Context_5
[2018.09.06-17.02.12:052][157]LogSlate: FSceneViewport::OnFocusLost() reason 2
[2018.09.06-17.02.12:989][193]LogSlate: FSceneViewport::OnFocusLost() reason 2
[2018.09.06-17.02.16:918][193]LogSlate: Window 'Nivel nuevo' being destroyed
[2018.09.06-17.02.16:927][193]Cmd: MAP LOAD FILE="../../../Engine/Content/Maps/Templates/Template_Default.umap" TEMPLATE=1 SHOWPROGRESS=1 FEATURELEVEL=3
[2018.09.06-17.02.16:954][193]LogSlate: FSceneViewport::OnFocusLost() reason 2
[2018.09.06-17.02.16:966][193]LightingResults: New page: Diseñar la iluminación
[2018.09.06-17.02.16:969][193]LoadErrors: New page: Cargando mapa: Template_Default.umap
[2018.09.06-17.02.16:991][193]MapCheck: New page: Revisión del mapa
[2018.09.06-17.02.16:991][193]LightingResults: New page: Diseñar la iluminación
[2018.09.06-17.02.17:105][193]LogAIModule: Creating AISystem for world Untitled_2
[2018.09.06-17.02.17:185][193]LogEditorServer: Finished looking for orphan Actors (0.000 secs)
[2018.09.06-17.02.17:222][193]Cmd: MAP CHECKDEP NOCLEARLOG
[2018.09.06-17.02.17:339][193]MapCheck: Map check complete: 0 Error(s), 0 Warning(s), took 117.024ms to complete.
[2018.09.06-17.02.17:339][193]LogFileHelpers: Loading map 'Template_Default' took 0.414
[2018.09.06-17.02.21:563][409]LogSlate: FSceneViewport::OnFocusLost() reason 0
[2018.09.06-17.02.22:644][460]LogEditorActor: Deleted Actor: StaticMeshActor
[2018.09.06-17.02.22:688][460]LogEditorActor: Deleted 1 Actors (0.047 secs)
[2018.09.06-17.02.34:545][ 34]LogTexture: Display: Building textures: Texture2D_3 (G8, 128X128)
[2018.09.06-17.02.39:132][123]LogTexture: Display: Building textures: Texture2D_0 (BGRA8, 512X512)
[2018.09.06-17.02.39:144][123]LogTexture: Display: Building textures: Texture2D_1 (BGRA8, 512X512)
[2018.09.06-17.02.39:153][123]LogTexture: Display: Building textures: Texture2D_2 (BGRA8, 512X512)
[2018.09.06-17.02.39:162][123]LogTexture: Display: Building textures: Texture2D_3 (BGRA8, 512X512)
[2018.09.06-17.02.39:173][123]LogTexture: Display: Building textures: Texture2D_4 (BGRA8, 512X512)
[2018.09.06-17.02.39:184][123]LogTexture: Display: Building textures: Texture2D_5 (BGRA8, 512X512)
[2018.09.06-17.02.39:196][123]LogTexture: Display: Building textures: Texture2D_6 (BGRA8, 512X512)
[2018.09.06-17.02.39:208][123]LogTexture: Display: Building textures: Texture2D_7 (BGRA8, 512X512)
[2018.09.06-17.02.39:220][123]LogTexture: Display: Building textures: Texture2D_8 (BGRA8, 512X512)
[2018.09.06-17.02.39:231][123]LogTexture: Display: Building textures: Texture2D_9 (BGRA8, 512X512)
[2018.09.06-17.02.39:242][123]LogTexture: Display: Building textures: Texture2D_10 (BGRA8, 512X512)
[2018.09.06-17.02.39:253][123]LogTexture: Display: Building textures: Texture2D_11 (BGRA8, 512X512)
[2018.09.06-17.02.39:263][123]LogTexture: Display: Building textures: Texture2D_12 (BGRA8, 512X512)
[2018.09.06-17.02.39:274][123]LogTexture: Display: Building textures: Texture2D_13 (BGRA8, 512X512)
[2018.09.06-17.02.39:283][123]LogTexture: Display: Building textures: Texture2D_14 (BGRA8, 512X512)
[2018.09.06-17.02.39:294][123]LogTexture: Display: Building textures: Texture2D_15 (BGRA8, 512X512)
[2018.09.06-17.02.45:146][239]LogSlate: FSceneViewport::OnFocusLost() reason 0
[2018.09.06-17.02.45:212][241]LogTemp: Repeating last play command: Selected Viewport
[2018.09.06-17.02.45:231][241]LogPlayLevel: PlayLevel: No blueprints needed recompiling
[2018.09.06-17.02.45:231][241]PIE: New page: Sesión PIE (reproducción en el editor): Untitled_2 (6/9/2018 7:02:45)
[2018.09.06-17.02.45:231][241]LogPlayLevel: Creating play world package: /Temp/UEDPIE_0_Untitled_2
[2018.09.06-17.02.45:401][241]LogPlayLevel: PIE: StaticDuplicateObject took: (0.169440s)
[2018.09.06-17.02.45:402][241]LogAIModule: Creating AISystem for world Untitled_2
[2018.09.06-17.02.45:402][241]LogPlayLevel: PIE: World Init took: (0.001465s)
[2018.09.06-17.02.45:402][241]LogPlayLevel: PIE: Created PIE world by copying editor world from /Temp/Untitled_2.Untitled_2 to /Temp/UEDPIE_0_Untitled_2.Untitled_2 (0.171055s)
[2018.09.06-17.02.45:436][241]LogInit: XAudio2 using 'Altavoces (Realtek High Definition Audio)' : 2 channels at 48 kHz using 32 bits per sample (channel mask 0x3)
[2018.09.06-17.02.45:441][241]LogInit: FAudioDevice initialized.
[2018.09.06-17.02.45:472][241]LogUObjectGlobals: Warning: Error al encontrar el objeto 'Class Ninguno.'
[2018.09.06-17.02.45:472][241]LogLoad: Game class is 'GameModeBase'
[2018.09.06-17.02.45:501][241]LogWorld: Bringing World /Temp/UEDPIE_0_Untitled_2.Untitled_2 up for play (max tick rate 0) at 2018.09.06-12.02.45
[2018.09.06-17.02.45:501][241]LogWorld: Bringing up level for play took: 0.029381
[2018.09.06-17.02.45:526][241]PIE: Tiempo de inicio de la reproducción en el editor para  /Temp/UEDPIE_0_Untitled_2 -0.035
[2018.09.06-17.02.53:624][577]LogSlate: Updating window title bar state: overlay mode, drag disabled, window buttons hidden, title bar hidden
[2018.09.06-17.02.53:693][577]LogPlayLevel: Display: Shutting down PIE online subsystems
[2018.09.06-17.02.53:737][577]LogSlate: Updating window title bar state: overlay mode, drag disabled, window buttons hidden, title bar hidden
[2018.09.06-17.02.53:759][578]LogPlayLevel: Display: Destroying online subsystem :Context_6
[2018.09.06-17.02.57:399][694]LogSlate: FSceneViewport::OnFocusLost() reason 2
[2018.09.06-17.02.58:482][729]MapCheck: New page: Revisión del mapa
[2018.09.06-17.02.58:492][729]LogSlate: FSceneViewport::OnFocusLost() reason 2
[2018.09.06-17.02.58:509][729]LightingResults: New page: Diseño de la iluminación - 6/9/2018 7:02:58
[2018.09.06-17.02.59:099][729]LogSwarmInterface: [OpenConnection] Registering TCP channel ...
[2018.09.06-17.02.59:117][729]LogSwarmInterface: [OpenConnection] Connecting to agent ...
[2018.09.06-17.02.59:128][729]LogSwarmInterface: [TryOpenConnection] Testing the Agent
[2018.09.06-17.02.59:655][729]LogSwarmInterface: [TryOpenConnection] Opening Connection to Agent
[2018.09.06-17.02.59:656][729]LogSwarmInterface: [TryOpenConnection] Local Process ID is 7720
[2018.09.06-17.03.03:669][729]LightingResults: Warning: No se ha encontrado ningún volumen relevante y la escena es tan larga que el volumen combinado automáticamente no dará buenos resultados. Por favor, añadir un volumen relevante de Lightmass delimitado estrechamente para optimizar los tiempos de diseño de la iluminación y calidad de su escena.
[2018.09.06-17.03.03:672][729]LogStaticLightingSystem: Running Lightmass w/ ImmediateImport mode ENABLED
[2018.09.06-17.03.03:672][729]LogStaticLightingSystem: Running Lightmass w/ ImmediateProcess mode ENABLED
[2018.09.06-17.03.03:672][729]LogStaticLightingSystem: Running Lightmass w/ Sorting mode ENABLED
[2018.09.06-17.03.03:672][729]LogStaticLightingSystem: Running Lightmass w/ Mapping paddings ENABLED
[2018.09.06-17.03.03:672][729]LogStaticLightingSystem: Running Lightmass w/ Mapping debug paddings DISABLED
[2018.09.06-17.03.04:068][729]LogEditorBuildUtils: Build time 0:05
[2018.09.06-17.03.04:073][729]LogMaterial: Display: Missing cached shader map for material FLightmassMaterialRenderer MaterialInstanceDynamic_0, compiling. 
[2018.09.06-17.03.04:082][729]LogMaterial: Display: Missing cached shader map for material FLightmassMaterialRenderer MaterialInstanceDynamic_0, compiling. 
[2018.09.06-17.03.04:095][729]LogShaderCompilers: Display: Shaders left to compile 2
[2018.09.06-17.03.04:095][729]LogShaderCompilers: Display: Shaders left to compile 2
